begin setup at ./64bit/helper...
begin setup at ./64bit/helper...
begin setup at ./64bit/helper...
Checking if pppd is installed...OK
Checking if iproute package is installed...OK
Setup ./64bit/helper/subproc
./64bit/helper/waitppp.sh
begin setup at ....
Checking if pppd is installed...OK
Checking if iproute package is installed...OK
Setup ./subproc
./waitppp.sh
begin setup at ....
Checking if pppd is installed...OK
Checking if iproute package is installed...OK
Setup ./subproc
./waitppp.sh
begin setup at ....
Checking if pppd is installed...OK
Checking if iproute package is installed...OK
Setup ./subproc
./waitppp.sh
