04/16/2025 09:59:20 [1396] set the loglevel to 1
04/16/2025 09:59:20 [1401] sslvpn connection version:4.0.2327
04/16/2025 09:59:20 [1401] rcv cmd:0 at state[0]
04/16/2025 09:59:20 [1401] starting ssl vpn tunnel[4.0.2327]
04/16/2025 09:59:20 [1403] route backup START
04/16/2025 09:59:20 [1403] route backup DONE
04/16/2025 09:59:20 [1404] execl /home/user/Linux/forticlient/forticlientsslvpn/64bit/helper/get_fortisslvpn_info /home/user/Linux/forticlient/forticlientsslvpn/64bit/helper vpn-dc.mos.ru 10443   ...
04/16/2025 09:59:20 [1404] trusted CA dir: /home/user/.fctsslvpn_trustca
04/16/2025 09:59:20 [1404] set loglevel to 1
04/16/2025 09:59:34 [1404] Peer's certificate is not valid. action is 1
04/16/2025 09:59:34 [1404] peer's certificate: 
Certificate:$    Data:$        Version: 3 (0x2)$        Serial Number:$            74:00:00:4f:c4:41:c6:ed:46:86:6e:fa:bf:00:00:00:00:4f:c4$    Signature Algorithm: sha512WithRSAEncryption$        Issuer: DC=local, DC=passport, CN=sec-ca02$        Validity$            Not Before: Jun 13 09:02:05 2023 GMT$            Not After : Jun 12 09:02:05 2025 GMT$        Subject: CN=gate-k.mos.ru$        Subject Public Key Info:$            Public Key Algorithm: rsaEncryption$                Public-Key: (1024 bit)$                Modulus:$                    00:ce:c8:ea:27:fd:eb:41:11:2d:71:41:81:2f:41:$                    69:ec:e3:68:e3:83:c2:3e:0c:1c:23:ae:d3:d5:ed:$                    bf:e0:f3:e0:65:c6:69:6f:59:22:28:10:72:a8:cd:$                    0d:f1:42:eb:37:11:00:e4:e4:da:42:93:f8:96:82:$                    44:74:01:57:d4:3d:2e:22:95:00:8a:53:4d:19:20:$                    a6:15:50:91:b9:ad:29:0b:eb:16:f7:c8:f7:e3:aa:$                    99:86:b9:a6:76:9b:77:20:d5:3f:40:96:eb:d5:4b:$                    99:e3:5c:8c:64:12:aa:10:8a:05:c3:13:8e:b3:02:$                    84:e6:f5:4f:5f:cd:93:7b:a9$                Exponent: 65537 (0x10001)$        X509v3 extensions:$            1.3.6.1.4.1.311.21.7: $                0/.'+.....7.....X...~...5...^...$.e...J...,..d...$            X509v3 Extended Key Usage: $                TLS Web Server Authentication$            X509v3 Key Usage: critical$                Digital Signature, Key Encipherment$            1.3.6.1.4.1.311.21.10: $                0.0$..+.......$            X509v3 Subject Key Identifier: $                EC:89:30:E6:B3:97:02:E2:71:A5:2D:5E:E7:75:58:2E:6F:A5:BB:E0$            X509v3 Authority Key Identifier: $                keyid:5F:BF:CF:4B:CB:EF:E8:49:C0:58:FD:E5:F6:E3:41:48:73:80:5D:63$$            X509v3 CRL Distribution Points: $$                Full Name:$                  URI:http://sec-ca02.passport.local/CertEnroll/sec-ca02.crl$$            Authority Information Access: $                CA Issuers - URI:http://sec-ca02.passport.local/CertEnroll/sec-ca02.passport.local_sec-ca02.crt$$    Signature Algorithm: sha512WithRSAEncryption$         1d:2e:79:df:0f:98:5b:36:96:49:16:2e:36:e4:fe:44:d8:7a:$         e1:cd:bd:bd:72:45:95:26:e0:9f:ea:3a:65:56:7e:73:09:c7:$         dc:9e:b6:c7:90:ab:29:de:25:da:ea:74:bf:6f:cd:26:16:34:$         43:53:1e:4e:ac:a5:af:e0:0c:3d:c4:3d:5f:33:d4:53:1f:e1:$         e3:73:f4:64:22:cc:63:ff:d9:f4:f1:ae:98:59:24:70:24:38:$         e8:37:f5:28:3d:1e:8e:69:9c:ac:02:a1:0e:37:52:c6:58:39:$         d1:ad:ea:dc:4d:79:f6:91:29:1d:57:02:0b:fb:f2:06:86:b1:$         b6:90:12:da:e7:a1:26:d5:79:97:d1:bf:0f:d4:e2:79:88:87:$         e5:94:26:bb:3c:34:22:78:48:54:33:e7:94:25:ee:0b:2c:25:$         9a:47:27:86:80:94:13:f0:81:d6:cf:ac:30:33:70:f9:6c:eb:$         72:8d:57:4b:fe:95:26:1e:0c:4c:ef:1a:94:27:50:23:43:3b:$         ca:11:bc:bf:ce:80:c1:01:b7:39:7d:ea:b1:80:bd:56:0d:f6:$         bb:dc:e6:d9:1c:0e:39:c7:7a:f1:ff:80:72:16:70:78:68:2d:$         2b:67:ca:84:7e:59:bc:aa:c1:f8:8d:22:e3:6f:14:e5:b8:59:$         3f:34:17:c5$
04/16/2025 09:59:34 [1404] realm is enabled: 
04/16/2025 09:59:36 [1404] no Content-Length
04/16/2025 09:59:36 [1404] try to get cookie for the first time: 98 :  SVPNNETWORKCOOKIE=; path=/remote/network; expires=Sun, 11 Mar 1984 12:00:00 GMT; secure; httponly
04/16/2025 09:59:36 [1404] no Content-Length
04/16/2025 09:59:36 [1404] cookie: SVPNCOOKIE=TYxN4wTNUKivq2lSMf3vdoqczWJp0+5lY+70LxWoGRdKMMo4KWg6MEkdtvL3Ghpnwoexv8Vs6pInH+bCTIde1TryakzhqomGt0Yw8G+jNcnD1mfeoJhIX8nS+LGGe9w+BizSoDi4pqe6O36RLu0jT6ji/qerFHjy3NEzA+7a2llGQ67PNUQ0q3CK2BPSWLM85IJni1lPdpN/LWL/CG+LSSzSpIJg0TdpNDDewORY6906omav
04/16/2025 09:59:36 [1404] no Content-Length
04/16/2025 09:59:36 [1404] no Content-Length
04/16/2025 09:59:36 [1404] 0|vpn-dc.mos.ru|10443|1||TYxN4wTNUKivq2lSMf3vdoqczWJp0+5lY+70LxWoGRdKMMo4KWg6MEkdtvL3Ghpnwoexv8Vs6pInH+bCTIde1TryakzhqomGt0Yw8G+jNcnD1mfeoJhIX8nS+LGGe9w+BizSoDi4pqe6O36RLu0jT6ji/qerFHjy3NEzA+7a2llGQ67PNUQ0q3CK2BPSWLM85IJni1lPdpN/LWL/CG+LSSzSpIJg0TdpNDDewORY6906omav|0
04/16/2025 09:59:36 [1401] ssl vpn tunnel started
04/16/2025 09:59:36 [1401] rcv cmd:0 at state[1]
04/16/2025 09:59:36 [1536] server=vpn-dc.mos.ru[vpn-dc.mos.ru] port=10443[10443] version=1 tunnel= cookie=TYxN4wTNUKivq2lSMf3vdoqczWJp0+5lY+70LxWoGRdKMMo4KWg6MEkdtvL3Ghpnwoexv8Vs6pInH+bCTIde1TryakzhqomGt0Yw8G+jNcnD1mfeoJhIX8nS+LGGe9w+BizSoDi4pqe6O36RLu0jT6ji/qerFHjy3NEzA+7a2llGQ67PNUQ0q3CK2BPSWLM85IJni1lPdpN/LWL/CG+LSSzSpIJg0TdpNDDewORY6906omav exclusive routing: 0

04/16/2025 09:59:36 [1536] starting pppd
04/16/2025 09:59:36 [1536] use tty:/dev/pts/6
04/16/2025 09:59:36 [1536] connecting to vpn-dc.mos.ru:10443
04/16/2025 09:59:51 [1536] [xml config]: GET /remote/fortisslvpn_xml ... (received 851 bytes): 
HTTP/1.1 200 OK
Date: Wed, 16 Apr 2025 06:59:51 GMT
Server: xxxxxxxx-xxxxx
Transfer-Encoding: chunked
Content-Type: text/xml
X-Frame-Options: SAMEORIGIN
Content-Security-Policy: frame-ancestors 'self'; object-src 'none'; script-src 'self' https 'unsafe-eval' 'unsafe-inline';
X-XSS-Protection: 1; mode=block
X-Content-Type-Options: nosniff
Strict-Transport-Security: max-age=31536000

<?xml version='1.0' encoding='utf-8'?><sslvpn-tunnel ver='1' patch='1'><tunnel-method value='ppp' /><tunnel-method value='tun' /><fos platform='FG1K5D' major='6' minor='00' patch='17' build='0528' branch='0528' /><client-config save-password='on' keep-alive='on' auto-connect='on' /><ipv4><dns ip='10.206.185.123' /><dns ip='10.89.58.17' /><assigned-addr ipv4='172.18.17.51' /></ipv4><idle-timeout val='3600' /><auth-timeout val='50400' /></sslvpn-tunnel>
----

04/16/2025 09:59:55 [1536] pppd may die...trying to fix it
04/16/2025 09:59:55 [1536] pppd may die...trying to fix it
04/16/2025 10:00:00 [1536] ssl read failed[error:00000005:lib(0):func(0):DH lib]:[Connection reset by peer]
04/16/2025 10:00:00 [1401] select: Interrupted system call
04/16/2025 10:00:00 [1401] rcv cmd:1 at state[1]
04/16/2025 10:00:00 [1401] stopping ssl vpn tunnel[v4.0.2327]
04/16/2025 10:00:00 [1401] kill_child:1536
04/16/2025 10:00:00 [1401] kill_child:1404
04/16/2025 10:00:00 [1536] killing pppd ...
04/16/2025 10:00:00 [1536] kill_child:1538
04/16/2025 10:00:00 [1404] signal rcved, logout now
04/16/2025 10:00:00 [1401] tunnel terminated
04/16/2025 10:00:00 [1770] begin cleanup linux...
04/16/2025 10:00:00 [1770] restore /etc/resolv.conf
04/16/2025 10:00:00 [1770] clean up route...
04/16/2025 10:00:00 [1770] failed to delete route: dst=185.173.3.37, mask=255.255.255.255, gw=192.168.0.1, dev=eth0
04/16/2025 10:00:00 [1770] truncate pppd.log
04/16/2025 10:00:00 [1770] truncate forticlientsslvpn.log
04/16/2025 10:00:01 [1401] ssl vpn tunnel stopped
04/16/2025 10:00:01 [1401] rcv cmd:2 at state[0]
04/16/2025 10:01:46 [1440] set the loglevel to 1
04/16/2025 10:01:46 [1445] set the loglevel to 1
04/16/2025 10:01:46 [1445] sslvpn connection version:4.0.2327
04/16/2025 10:01:46 [1445] rcv cmd:0 at state[0]
04/16/2025 10:01:46 [1445] starting ssl vpn tunnel[4.0.2327]
04/16/2025 10:01:46 [1447] route backup START
04/16/2025 10:01:46 [1447] route backup DONE
04/16/2025 10:01:46 [1448] execl /home/user/Linux/forticlient/forticlientsslvpn/64bit/helper/get_fortisslvpn_info /home/user/Linux/forticlient/forticlientsslvpn/64bit/helper vpn-dc.mos.ru 10443   ...
04/16/2025 10:01:46 [1448] trusted CA dir: /home/user/.fctsslvpn_trustca
04/16/2025 10:01:46 [1448] set loglevel to 1
04/16/2025 10:01:46 [1448] Peer's certificate is not valid. action is 1
04/16/2025 10:01:46 [1448] peer's certificate: 
Certificate:$    Data:$        Version: 3 (0x2)$        Serial Number:$            74:00:00:4f:c4:41:c6:ed:46:86:6e:fa:bf:00:00:00:00:4f:c4$    Signature Algorithm: sha512WithRSAEncryption$        Issuer: DC=local, DC=passport, CN=sec-ca02$        Validity$            Not Before: Jun 13 09:02:05 2023 GMT$            Not After : Jun 12 09:02:05 2025 GMT$        Subject: CN=gate-k.mos.ru$        Subject Public Key Info:$            Public Key Algorithm: rsaEncryption$                Public-Key: (1024 bit)$                Modulus:$                    00:ce:c8:ea:27:fd:eb:41:11:2d:71:41:81:2f:41:$                    69:ec:e3:68:e3:83:c2:3e:0c:1c:23:ae:d3:d5:ed:$                    bf:e0:f3:e0:65:c6:69:6f:59:22:28:10:72:a8:cd:$                    0d:f1:42:eb:37:11:00:e4:e4:da:42:93:f8:96:82:$                    44:74:01:57:d4:3d:2e:22:95:00:8a:53:4d:19:20:$                    a6:15:50:91:b9:ad:29:0b:eb:16:f7:c8:f7:e3:aa:$                    99:86:b9:a6:76:9b:77:20:d5:3f:40:96:eb:d5:4b:$                    99:e3:5c:8c:64:12:aa:10:8a:05:c3:13:8e:b3:02:$                    84:e6:f5:4f:5f:cd:93:7b:a9$                Exponent: 65537 (0x10001)$        X509v3 extensions:$            1.3.6.1.4.1.311.21.7: $                0/.'+.....7.....X...~...5...^...$.e...J...,..d...$            X509v3 Extended Key Usage: $                TLS Web Server Authentication$            X509v3 Key Usage: critical$                Digital Signature, Key Encipherment$            1.3.6.1.4.1.311.21.10: $                0.0$..+.......$            X509v3 Subject Key Identifier: $                EC:89:30:E6:B3:97:02:E2:71:A5:2D:5E:E7:75:58:2E:6F:A5:BB:E0$            X509v3 Authority Key Identifier: $                keyid:5F:BF:CF:4B:CB:EF:E8:49:C0:58:FD:E5:F6:E3:41:48:73:80:5D:63$$            X509v3 CRL Distribution Points: $$                Full Name:$                  URI:http://sec-ca02.passport.local/CertEnroll/sec-ca02.crl$$            Authority Information Access: $                CA Issuers - URI:http://sec-ca02.passport.local/CertEnroll/sec-ca02.passport.local_sec-ca02.crt$$    Signature Algorithm: sha512WithRSAEncryption$         1d:2e:79:df:0f:98:5b:36:96:49:16:2e:36:e4:fe:44:d8:7a:$         e1:cd:bd:bd:72:45:95:26:e0:9f:ea:3a:65:56:7e:73:09:c7:$         dc:9e:b6:c7:90:ab:29:de:25:da:ea:74:bf:6f:cd:26:16:34:$         43:53:1e:4e:ac:a5:af:e0:0c:3d:c4:3d:5f:33:d4:53:1f:e1:$         e3:73:f4:64:22:cc:63:ff:d9:f4:f1:ae:98:59:24:70:24:38:$         e8:37:f5:28:3d:1e:8e:69:9c:ac:02:a1:0e:37:52:c6:58:39:$         d1:ad:ea:dc:4d:79:f6:91:29:1d:57:02:0b:fb:f2:06:86:b1:$         b6:90:12:da:e7:a1:26:d5:79:97:d1:bf:0f:d4:e2:79:88:87:$         e5:94:26:bb:3c:34:22:78:48:54:33:e7:94:25:ee:0b:2c:25:$         9a:47:27:86:80:94:13:f0:81:d6:cf:ac:30:33:70:f9:6c:eb:$         72:8d:57:4b:fe:95:26:1e:0c:4c:ef:1a:94:27:50:23:43:3b:$         ca:11:bc:bf:ce:80:c1:01:b7:39:7d:ea:b1:80:bd:56:0d:f6:$         bb:dc:e6:d9:1c:0e:39:c7:7a:f1:ff:80:72:16:70:78:68:2d:$         2b:67:ca:84:7e:59:bc:aa:c1:f8:8d:22:e3:6f:14:e5:b8:59:$         3f:34:17:c5$
04/16/2025 10:01:46 [1448] realm is enabled: 
04/16/2025 10:01:47 [1448] no Content-Length
04/16/2025 10:01:47 [1448] try to get cookie for the first time: 98 :  SVPNNETWORKCOOKIE=; path=/remote/network; expires=Sun, 11 Mar 1984 12:00:00 GMT; secure; httponly
04/16/2025 10:01:47 [1448] no Content-Length
04/16/2025 10:01:47 [1448] cookie: SVPNCOOKIE=5e4Y3ggYmVNuJc6j274Bcoo1QrLACtOSiWWdcFqORuv2EGRnH7Z6grgdyIqzcTbjHYqprEX8AsK/uBhPxjInU0x5ml2nSmCMoWaedZdmvnkMb8GeeQG3/khSbwzkEn4ZBV8+h+F7QtdF3VO40y6Uf9FvB89fH6IR+5QZiZ7P9uQMdSunnR1TPYvg8Y6p52rKWObT06+DdZAz8mjcYNfLejdZnuy44nIKlASaL8UwXvD+mqoh4Q==
04/16/2025 10:01:47 [1448] no Content-Length
04/16/2025 10:01:47 [1448] no Content-Length
04/16/2025 10:01:47 [1448] 0|vpn-dc.mos.ru|10443|1||5e4Y3ggYmVNuJc6j274Bcoo1QrLACtOSiWWdcFqORuv2EGRnH7Z6grgdyIqzcTbjHYqprEX8AsK/uBhPxjInU0x5ml2nSmCMoWaedZdmvnkMb8GeeQG3/khSbwzkEn4ZBV8+h+F7QtdF3VO40y6Uf9FvB89fH6IR+5QZiZ7P9uQMdSunnR1TPYvg8Y6p52rKWObT06+DdZAz8mjcYNfLejdZnuy44nIKlASaL8UwXvD+mqoh4Q==|0
04/16/2025 10:01:47 [1445] ssl vpn tunnel started
04/16/2025 10:01:47 [1445] rcv cmd:0 at state[1]
04/16/2025 10:01:47 [1473] server=vpn-dc.mos.ru[vpn-dc.mos.ru] port=10443[10443] version=1 tunnel= cookie=5e4Y3ggYmVNuJc6j274Bcoo1QrLACtOSiWWdcFqORuv2EGRnH7Z6grgdyIqzcTbjHYqprEX8AsK/uBhPxjInU0x5ml2nSmCMoWaedZdmvnkMb8GeeQG3/khSbwzkEn4ZBV8+h+F7QtdF3VO40y6Uf9FvB89fH6IR+5QZiZ7P9uQMdSunnR1TPYvg8Y6p52rKWObT06+DdZAz8mjcYNfLejdZnuy44nIKlASaL8UwXvD+mqoh4Q== exclusive routing: 0

04/16/2025 10:01:47 [1473] starting pppd
04/16/2025 10:01:47 [1473] use tty:/dev/pts/6
04/16/2025 10:01:47 [1473] connecting to vpn-dc.mos.ru:10443
04/16/2025 10:01:48 [1473] [xml config]: GET /remote/fortisslvpn_xml ... (received 851 bytes): 
HTTP/1.1 200 OK
Date: Wed, 16 Apr 2025 07:01:48 GMT
Server: xxxxxxxx-xxxxx
Transfer-Encoding: chunked
Content-Type: text/xml
X-Frame-Options: SAMEORIGIN
Content-Security-Policy: frame-ancestors 'self'; object-src 'none'; script-src 'self' https 'unsafe-eval' 'unsafe-inline';
X-XSS-Protection: 1; mode=block
X-Content-Type-Options: nosniff
Strict-Transport-Security: max-age=31536000

<?xml version='1.0' encoding='utf-8'?><sslvpn-tunnel ver='1' patch='1'><tunnel-method value='ppp' /><tunnel-method value='tun' /><fos platform='FG1K5D' major='6' minor='00' patch='17' build='0528' branch='0528' /><client-config save-password='on' keep-alive='on' auto-connect='on' /><ipv4><dns ip='10.206.185.123' /><dns ip='10.89.58.17' /><assigned-addr ipv4='172.18.17.78' /></ipv4><idle-timeout val='3600' /><auth-timeout val='50400' /></sslvpn-tunnel>
----

04/16/2025 10:01:52 [1473] Got local address from ppp, interface will be  up
04/16/2025 10:01:53 [1473] ppp interface is up
04/16/2025 10:01:53 [1473] run_scutil 185.173.3.37 0 0...
Generating pppd.resolv.conf...Done
04/16/2025 10:01:54 [1582] begin sysconfig linux
04/16/2025 10:01:54 [1582] delete route 1.1.1.1
04/16/2025 10:01:54 [1582] Add the route for 185.173.3.37(192.168.0.1)
04/16/2025 10:01:54 [1582] router add default gw 172.18.17.78
04/16/2025 11:18:03 [1445] kill_child:1473
04/16/2025 11:18:03 [1448] signal rcved, logout now
04/16/2025 11:18:03 [1473] killing pppd ...
04/16/2025 11:18:03 [1473] kill_child:1475
04/16/2025 11:18:03 [1445] kill_child:1448
04/16/2025 11:18:03 [1473] kill_child:1582
04/16/2025 11:18:10 [20446] set the loglevel to 1
04/16/2025 11:18:10 [20381] set the loglevel to 1
04/16/2025 11:18:10 [20446] sslvpn connection version:4.0.2327
04/16/2025 11:18:10 [20446] rcv cmd:0 at state[0]
04/16/2025 11:18:10 [20446] starting ssl vpn tunnel[4.0.2327]
04/16/2025 11:18:10 [20448] route backup START
04/16/2025 11:18:10 [20448] route backup DONE
04/16/2025 11:18:10 [20449] execl /home/user/Linux/forticlient/forticlientsslvpn/64bit/helper/get_fortisslvpn_info /home/user/Linux/forticlient/forticlientsslvpn/64bit/helper vpn-dc.mos.ru 10443   ...
04/16/2025 11:18:10 [20449] trusted CA dir: /home/user/.fctsslvpn_trustca
04/16/2025 11:18:10 [20449] set loglevel to 1
04/16/2025 11:18:18 [20449] Peer's certificate is not valid. action is 1
04/16/2025 11:18:18 [20449] peer's certificate: 
Certificate:$    Data:$        Version: 3 (0x2)$        Serial Number:$            74:00:00:4f:c4:41:c6:ed:46:86:6e:fa:bf:00:00:00:00:4f:c4$    Signature Algorithm: sha512WithRSAEncryption$        Issuer: DC=local, DC=passport, CN=sec-ca02$        Validity$            Not Before: Jun 13 09:02:05 2023 GMT$            Not After : Jun 12 09:02:05 2025 GMT$        Subject: CN=gate-k.mos.ru$        Subject Public Key Info:$            Public Key Algorithm: rsaEncryption$                Public-Key: (1024 bit)$                Modulus:$                    00:ce:c8:ea:27:fd:eb:41:11:2d:71:41:81:2f:41:$                    69:ec:e3:68:e3:83:c2:3e:0c:1c:23:ae:d3:d5:ed:$                    bf:e0:f3:e0:65:c6:69:6f:59:22:28:10:72:a8:cd:$                    0d:f1:42:eb:37:11:00:e4:e4:da:42:93:f8:96:82:$                    44:74:01:57:d4:3d:2e:22:95:00:8a:53:4d:19:20:$                    a6:15:50:91:b9:ad:29:0b:eb:16:f7:c8:f7:e3:aa:$                    99:86:b9:a6:76:9b:77:20:d5:3f:40:96:eb:d5:4b:$                    99:e3:5c:8c:64:12:aa:10:8a:05:c3:13:8e:b3:02:$                    84:e6:f5:4f:5f:cd:93:7b:a9$                Exponent: 65537 (0x10001)$        X509v3 extensions:$            1.3.6.1.4.1.311.21.7: $                0/.'+.....7.....X...~...5...^...$.e...J...,..d...$            X509v3 Extended Key Usage: $                TLS Web Server Authentication$            X509v3 Key Usage: critical$                Digital Signature, Key Encipherment$            1.3.6.1.4.1.311.21.10: $                0.0$..+.......$            X509v3 Subject Key Identifier: $                EC:89:30:E6:B3:97:02:E2:71:A5:2D:5E:E7:75:58:2E:6F:A5:BB:E0$            X509v3 Authority Key Identifier: $                keyid:5F:BF:CF:4B:CB:EF:E8:49:C0:58:FD:E5:F6:E3:41:48:73:80:5D:63$$            X509v3 CRL Distribution Points: $$                Full Name:$                  URI:http://sec-ca02.passport.local/CertEnroll/sec-ca02.crl$$            Authority Information Access: $                CA Issuers - URI:http://sec-ca02.passport.local/CertEnroll/sec-ca02.passport.local_sec-ca02.crt$$    Signature Algorithm: sha512WithRSAEncryption$         1d:2e:79:df:0f:98:5b:36:96:49:16:2e:36:e4:fe:44:d8:7a:$         e1:cd:bd:bd:72:45:95:26:e0:9f:ea:3a:65:56:7e:73:09:c7:$         dc:9e:b6:c7:90:ab:29:de:25:da:ea:74:bf:6f:cd:26:16:34:$         43:53:1e:4e:ac:a5:af:e0:0c:3d:c4:3d:5f:33:d4:53:1f:e1:$         e3:73:f4:64:22:cc:63:ff:d9:f4:f1:ae:98:59:24:70:24:38:$         e8:37:f5:28:3d:1e:8e:69:9c:ac:02:a1:0e:37:52:c6:58:39:$         d1:ad:ea:dc:4d:79:f6:91:29:1d:57:02:0b:fb:f2:06:86:b1:$         b6:90:12:da:e7:a1:26:d5:79:97:d1:bf:0f:d4:e2:79:88:87:$         e5:94:26:bb:3c:34:22:78:48:54:33:e7:94:25:ee:0b:2c:25:$         9a:47:27:86:80:94:13:f0:81:d6:cf:ac:30:33:70:f9:6c:eb:$         72:8d:57:4b:fe:95:26:1e:0c:4c:ef:1a:94:27:50:23:43:3b:$         ca:11:bc:bf:ce:80:c1:01:b7:39:7d:ea:b1:80:bd:56:0d:f6:$         bb:dc:e6:d9:1c:0e:39:c7:7a:f1:ff:80:72:16:70:78:68:2d:$         2b:67:ca:84:7e:59:bc:aa:c1:f8:8d:22:e3:6f:14:e5:b8:59:$         3f:34:17:c5$
04/16/2025 11:18:18 [20449] realm is enabled: 
04/16/2025 11:18:20 [20449] no Content-Length
04/16/2025 11:18:20 [20449] try to get cookie for the first time: 98 :  SVPNNETWORKCOOKIE=; path=/remote/network; expires=Sun, 11 Mar 1984 12:00:00 GMT; secure; httponly
04/16/2025 11:18:21 [20449] no Content-Length
04/16/2025 11:18:21 [20449] cookie: SVPNCOOKIE=TN8cVG6aGtYOnVXGSnQYa398LGfsrtKubFdyn107zQbpT6M0+Qdt/8GRlLS+NkexaL56X1I4tdzjZdOggDVXOozVLzlrXnluow+8j2r/l51NrcLoTu8qJWUepN0DSLW1EBVIEYJOzatji0b1co8w+LgRUb1nSrfqVDKMFjS06AT+z0BpNRDuQHM4hkkFRMBXc8hFuVh9bQpZUFA4a/cyk4C+ptJdbXq7GO1JkRLxU71NS8POiA==
04/16/2025 11:18:21 [20449] no Content-Length
04/16/2025 11:18:21 [20449] no Content-Length
04/16/2025 11:18:21 [20449] 0|vpn-dc.mos.ru|10443|1||TN8cVG6aGtYOnVXGSnQYa398LGfsrtKubFdyn107zQbpT6M0+Qdt/8GRlLS+NkexaL56X1I4tdzjZdOggDVXOozVLzlrXnluow+8j2r/l51NrcLoTu8qJWUepN0DSLW1EBVIEYJOzatji0b1co8w+LgRUb1nSrfqVDKMFjS06AT+z0BpNRDuQHM4hkkFRMBXc8hFuVh9bQpZUFA4a/cyk4C+ptJdbXq7GO1JkRLxU71NS8POiA==|0
04/16/2025 11:18:21 [20446] ssl vpn tunnel started
04/16/2025 11:18:21 [20446] rcv cmd:0 at state[1]
04/16/2025 11:18:21 [20517] server=vpn-dc.mos.ru[vpn-dc.mos.ru] port=10443[10443] version=1 tunnel= cookie=TN8cVG6aGtYOnVXGSnQYa398LGfsrtKubFdyn107zQbpT6M0+Qdt/8GRlLS+NkexaL56X1I4tdzjZdOggDVXOozVLzlrXnluow+8j2r/l51NrcLoTu8qJWUepN0DSLW1EBVIEYJOzatji0b1co8w+LgRUb1nSrfqVDKMFjS06AT+z0BpNRDuQHM4hkkFRMBXc8hFuVh9bQpZUFA4a/cyk4C+ptJdbXq7GO1JkRLxU71NS8POiA== exclusive routing: 0

04/16/2025 11:18:21 [20517] starting pppd
04/16/2025 11:18:21 [20517] use tty:/dev/pts/6
04/16/2025 11:18:21 [20517] connecting to vpn-dc.mos.ru:10443
04/16/2025 11:18:32 [20517] [xml config]: GET /remote/fortisslvpn_xml ... (received 851 bytes): 
HTTP/1.1 200 OK
Date: Wed, 16 Apr 2025 08:18:31 GMT
Server: xxxxxxxx-xxxxx
Transfer-Encoding: chunked
Content-Type: text/xml
X-Frame-Options: SAMEORIGIN
Content-Security-Policy: frame-ancestors 'self'; object-src 'none'; script-src 'self' https 'unsafe-eval' 'unsafe-inline';
X-XSS-Protection: 1; mode=block
X-Content-Type-Options: nosniff
Strict-Transport-Security: max-age=31536000

<?xml version='1.0' encoding='utf-8'?><sslvpn-tunnel ver='1' patch='1'><tunnel-method value='ppp' /><tunnel-method value='tun' /><fos platform='FG1K5D' major='6' minor='00' patch='17' build='0528' branch='0528' /><client-config save-password='on' keep-alive='on' auto-connect='on' /><ipv4><dns ip='10.206.185.123' /><dns ip='10.89.58.17' /><assigned-addr ipv4='172.18.18.91' /></ipv4><idle-timeout val='3600' /><auth-timeout val='50400' /></sslvpn-tunnel>
----

04/16/2025 11:18:38 [20517] pppd may die...trying to fix it
04/16/2025 11:18:41 [20517] pppd may die...trying to fix it
04/16/2025 11:19:16 [20517] read error from tty[Input/output error]
04/16/2025 11:19:16 [20517] rcv frame from tty fail
04/16/2025 11:19:29 [20517] ppp interface is not up!!!
04/16/2025 11:19:29 [20517] io finished, kill pppd
04/16/2025 11:19:29 [20517] kill_child:20519
04/16/2025 11:19:29 [20517] tunnel finished, killing session
04/16/2025 11:19:29 [20517] killing pppd ...
04/16/2025 11:19:29 [20446] tunnel terminated
04/16/2025 11:19:29 [20446] tunnel down unexpected
04/16/2025 11:19:29 [20446] kill_child:20449
04/16/2025 11:19:29 [20449] signal rcved, logout now
04/16/2025 11:19:29 [20896] begin cleanup linux...
04/16/2025 11:19:29 [20896] restore /etc/resolv.conf
04/16/2025 11:19:29 [20896] clean up route...
04/16/2025 11:19:29 [20896] truncate pppd.log
04/16/2025 11:19:29 [20896] truncate forticlientsslvpn.log
04/16/2025 11:19:29 [20446] select: Interrupted system call
04/16/2025 11:21:47 [1473] set the loglevel to 1
04/16/2025 11:21:47 [1465] set the loglevel to 1
04/16/2025 11:21:47 [1473] sslvpn connection version:4.0.2327
04/16/2025 11:21:47 [1473] rcv cmd:0 at state[0]
04/16/2025 11:21:47 [1473] starting ssl vpn tunnel[4.0.2327]
04/16/2025 11:21:47 [1475] route backup START
04/16/2025 11:21:47 [1475] route backup DONE
04/16/2025 11:21:47 [1476] execl /home/user/Linux/forticlient/forticlientsslvpn/64bit/helper/get_fortisslvpn_info /home/user/Linux/forticlient/forticlientsslvpn/64bit/helper vpn-dc.mos.ru 10443   ...
04/16/2025 11:21:47 [1476] trusted CA dir: /home/user/.fctsslvpn_trustca
04/16/2025 11:21:47 [1476] set loglevel to 1
04/16/2025 11:21:48 [1476] Peer's certificate is not valid. action is 1
04/16/2025 11:21:48 [1476] peer's certificate: 
Certificate:$    Data:$        Version: 3 (0x2)$        Serial Number:$            74:00:00:4f:c4:41:c6:ed:46:86:6e:fa:bf:00:00:00:00:4f:c4$    Signature Algorithm: sha512WithRSAEncryption$        Issuer: DC=local, DC=passport, CN=sec-ca02$        Validity$            Not Before: Jun 13 09:02:05 2023 GMT$            Not After : Jun 12 09:02:05 2025 GMT$        Subject: CN=gate-k.mos.ru$        Subject Public Key Info:$            Public Key Algorithm: rsaEncryption$                Public-Key: (1024 bit)$                Modulus:$                    00:ce:c8:ea:27:fd:eb:41:11:2d:71:41:81:2f:41:$                    69:ec:e3:68:e3:83:c2:3e:0c:1c:23:ae:d3:d5:ed:$                    bf:e0:f3:e0:65:c6:69:6f:59:22:28:10:72:a8:cd:$                    0d:f1:42:eb:37:11:00:e4:e4:da:42:93:f8:96:82:$                    44:74:01:57:d4:3d:2e:22:95:00:8a:53:4d:19:20:$                    a6:15:50:91:b9:ad:29:0b:eb:16:f7:c8:f7:e3:aa:$                    99:86:b9:a6:76:9b:77:20:d5:3f:40:96:eb:d5:4b:$                    99:e3:5c:8c:64:12:aa:10:8a:05:c3:13:8e:b3:02:$                    84:e6:f5:4f:5f:cd:93:7b:a9$                Exponent: 65537 (0x10001)$        X509v3 extensions:$            1.3.6.1.4.1.311.21.7: $                0/.'+.....7.....X...~...5...^...$.e...J...,..d...$            X509v3 Extended Key Usage: $                TLS Web Server Authentication$            X509v3 Key Usage: critical$                Digital Signature, Key Encipherment$            1.3.6.1.4.1.311.21.10: $                0.0$..+.......$            X509v3 Subject Key Identifier: $                EC:89:30:E6:B3:97:02:E2:71:A5:2D:5E:E7:75:58:2E:6F:A5:BB:E0$            X509v3 Authority Key Identifier: $                keyid:5F:BF:CF:4B:CB:EF:E8:49:C0:58:FD:E5:F6:E3:41:48:73:80:5D:63$$            X509v3 CRL Distribution Points: $$                Full Name:$                  URI:http://sec-ca02.passport.local/CertEnroll/sec-ca02.crl$$            Authority Information Access: $                CA Issuers - URI:http://sec-ca02.passport.local/CertEnroll/sec-ca02.passport.local_sec-ca02.crt$$    Signature Algorithm: sha512WithRSAEncryption$         1d:2e:79:df:0f:98:5b:36:96:49:16:2e:36:e4:fe:44:d8:7a:$         e1:cd:bd:bd:72:45:95:26:e0:9f:ea:3a:65:56:7e:73:09:c7:$         dc:9e:b6:c7:90:ab:29:de:25:da:ea:74:bf:6f:cd:26:16:34:$         43:53:1e:4e:ac:a5:af:e0:0c:3d:c4:3d:5f:33:d4:53:1f:e1:$         e3:73:f4:64:22:cc:63:ff:d9:f4:f1:ae:98:59:24:70:24:38:$         e8:37:f5:28:3d:1e:8e:69:9c:ac:02:a1:0e:37:52:c6:58:39:$         d1:ad:ea:dc:4d:79:f6:91:29:1d:57:02:0b:fb:f2:06:86:b1:$         b6:90:12:da:e7:a1:26:d5:79:97:d1:bf:0f:d4:e2:79:88:87:$         e5:94:26:bb:3c:34:22:78:48:54:33:e7:94:25:ee:0b:2c:25:$         9a:47:27:86:80:94:13:f0:81:d6:cf:ac:30:33:70:f9:6c:eb:$         72:8d:57:4b:fe:95:26:1e:0c:4c:ef:1a:94:27:50:23:43:3b:$         ca:11:bc:bf:ce:80:c1:01:b7:39:7d:ea:b1:80:bd:56:0d:f6:$         bb:dc:e6:d9:1c:0e:39:c7:7a:f1:ff:80:72:16:70:78:68:2d:$         2b:67:ca:84:7e:59:bc:aa:c1:f8:8d:22:e3:6f:14:e5:b8:59:$         3f:34:17:c5$
04/16/2025 11:21:48 [1476] realm is enabled: 
04/16/2025 11:21:50 [1476] no Content-Length
04/16/2025 11:21:50 [1476] try to get cookie for the first time: 98 :  SVPNNETWORKCOOKIE=; path=/remote/network; expires=Sun, 11 Mar 1984 12:00:00 GMT; secure; httponly
04/16/2025 11:21:51 [1476] no Content-Length
04/16/2025 11:21:51 [1476] cookie: SVPNCOOKIE=XGm9hoRiNX1SA0J8I1XwaEMy9ffy8GymHQoIBf8IdNcrxAlVm1v7E8fGxwtUthSVo1aayQ5PCxE8AXkre4wukSqQRm15MMy4IXpsnN8T+NqtlFYnXTOI+4LHPM5vpQZhF4MloUcB9w/Ls7/4m5mkUgyqxh8KHfFbhL6bT5EuGJZjl/z+PAoLJlI5rMlLFFn+3kWXUl8xLp42SWaluXyDDUHlNZTReRiom3uOsiQc54nEav0EGCA=
04/16/2025 11:21:51 [1476] no Content-Length
04/16/2025 11:21:51 [1476] no Content-Length
04/16/2025 11:21:51 [1476] 0|vpn-dc.mos.ru|10443|1||XGm9hoRiNX1SA0J8I1XwaEMy9ffy8GymHQoIBf8IdNcrxAlVm1v7E8fGxwtUthSVo1aayQ5PCxE8AXkre4wukSqQRm15MMy4IXpsnN8T+NqtlFYnXTOI+4LHPM5vpQZhF4MloUcB9w/Ls7/4m5mkUgyqxh8KHfFbhL6bT5EuGJZjl/z+PAoLJlI5rMlLFFn+3kWXUl8xLp42SWaluXyDDUHlNZTReRiom3uOsiQc54nEav0EGCA=|0
04/16/2025 11:21:51 [1473] ssl vpn tunnel started
04/16/2025 11:21:51 [1473] rcv cmd:0 at state[1]
04/16/2025 11:21:51 [1551] server=vpn-dc.mos.ru[vpn-dc.mos.ru] port=10443[10443] version=1 tunnel= cookie=XGm9hoRiNX1SA0J8I1XwaEMy9ffy8GymHQoIBf8IdNcrxAlVm1v7E8fGxwtUthSVo1aayQ5PCxE8AXkre4wukSqQRm15MMy4IXpsnN8T+NqtlFYnXTOI+4LHPM5vpQZhF4MloUcB9w/Ls7/4m5mkUgyqxh8KHfFbhL6bT5EuGJZjl/z+PAoLJlI5rMlLFFn+3kWXUl8xLp42SWaluXyDDUHlNZTReRiom3uOsiQc54nEav0EGCA= exclusive routing: 0

04/16/2025 11:21:51 [1551] starting pppd
04/16/2025 11:21:51 [1551] use tty:/dev/pts/7
04/16/2025 11:21:51 [1551] connecting to vpn-dc.mos.ru:10443
04/16/2025 11:21:51 [1551] [xml config]: GET /remote/fortisslvpn_xml ... (received 852 bytes): 
HTTP/1.1 200 OK
Date: Wed, 16 Apr 2025 08:21:51 GMT
Server: xxxxxxxx-xxxxx
Transfer-Encoding: chunked
Content-Type: text/xml
X-Frame-Options: SAMEORIGIN
Content-Security-Policy: frame-ancestors 'self'; object-src 'none'; script-src 'self' https 'unsafe-eval' 'unsafe-inline';
X-XSS-Protection: 1; mode=block
X-Content-Type-Options: nosniff
Strict-Transport-Security: max-age=31536000

<?xml version='1.0' encoding='utf-8'?><sslvpn-tunnel ver='1' patch='1'><tunnel-method value='ppp' /><tunnel-method value='tun' /><fos platform='FG1K5D' major='6' minor='00' patch='17' build='0528' branch='0528' /><client-config save-password='on' keep-alive='on' auto-connect='on' /><ipv4><dns ip='10.206.185.123' /><dns ip='10.89.58.17' /><assigned-addr ipv4='172.18.16.231' /></ipv4><idle-timeout val='3600' /><auth-timeout val='50400' /></sslvpn-tunnel>
----

04/16/2025 11:21:55 [1551] Got local address from ppp, interface will be  up
04/16/2025 11:21:59 [1551] ppp interface is up
04/16/2025 11:21:59 [1551] run_scutil 185.173.3.37 0 0...
Generating pppd.resolv.conf...Done
04/16/2025 11:22:00 [1733] begin sysconfig linux
04/16/2025 11:22:00 [1733] delete route 1.1.1.1
04/16/2025 11:22:00 [1733] Add the route for 185.173.3.37(192.168.0.1)
04/16/2025 11:22:00 [1733] router add default gw 172.18.16.231
04/16/2025 13:05:56 [1551] killing pppd ...
04/16/2025 13:05:56 [1476] signal rcved, logout now
04/16/2025 13:05:56 [1551] kill_child:1553
04/16/2025 13:05:56 [1551] kill_child:1733
04/16/2025 13:05:56 [1473] kill_child:1551
04/16/2025 13:05:56 [1473] kill_child:1551
04/16/2025 13:05:56 [1473] tunnel terminated
04/16/2025 13:05:56 [1473] kill_child:1476
04/16/2025 13:44:06 [37992] set the loglevel to 1
04/16/2025 13:44:06 [37891] set the loglevel to 1
04/16/2025 13:44:06 [37992] sslvpn connection version:4.0.2327
04/16/2025 13:44:06 [37992] rcv cmd:0 at state[0]
04/16/2025 13:44:06 [37992] starting ssl vpn tunnel[4.0.2327]
04/16/2025 13:44:06 [37994] route backup START
04/16/2025 13:44:06 [37994] route backup DONE
04/16/2025 13:44:06 [37995] execl /home/user/Linux/forticlient/forticlientsslvpn/64bit/helper/get_fortisslvpn_info /home/user/Linux/forticlient/forticlientsslvpn/64bit/helper vpn-dc.mos.ru 10443   ...
04/16/2025 13:44:06 [37995] trusted CA dir: /home/user/.fctsslvpn_trustca
04/16/2025 13:44:06 [37995] set loglevel to 1
04/16/2025 13:44:14 [37995] Peer's certificate is not valid. action is 1
04/16/2025 13:44:14 [37995] peer's certificate: 
Certificate:$    Data:$        Version: 3 (0x2)$        Serial Number:$            74:00:00:4f:c4:41:c6:ed:46:86:6e:fa:bf:00:00:00:00:4f:c4$    Signature Algorithm: sha512WithRSAEncryption$        Issuer: DC=local, DC=passport, CN=sec-ca02$        Validity$            Not Before: Jun 13 09:02:05 2023 GMT$            Not After : Jun 12 09:02:05 2025 GMT$        Subject: CN=gate-k.mos.ru$        Subject Public Key Info:$            Public Key Algorithm: rsaEncryption$                Public-Key: (1024 bit)$                Modulus:$                    00:ce:c8:ea:27:fd:eb:41:11:2d:71:41:81:2f:41:$                    69:ec:e3:68:e3:83:c2:3e:0c:1c:23:ae:d3:d5:ed:$                    bf:e0:f3:e0:65:c6:69:6f:59:22:28:10:72:a8:cd:$                    0d:f1:42:eb:37:11:00:e4:e4:da:42:93:f8:96:82:$                    44:74:01:57:d4:3d:2e:22:95:00:8a:53:4d:19:20:$                    a6:15:50:91:b9:ad:29:0b:eb:16:f7:c8:f7:e3:aa:$                    99:86:b9:a6:76:9b:77:20:d5:3f:40:96:eb:d5:4b:$                    99:e3:5c:8c:64:12:aa:10:8a:05:c3:13:8e:b3:02:$                    84:e6:f5:4f:5f:cd:93:7b:a9$                Exponent: 65537 (0x10001)$        X509v3 extensions:$            1.3.6.1.4.1.311.21.7: $                0/.'+.....7.....X...~...5...^...$.e...J...,..d...$            X509v3 Extended Key Usage: $                TLS Web Server Authentication$            X509v3 Key Usage: critical$                Digital Signature, Key Encipherment$            1.3.6.1.4.1.311.21.10: $                0.0$..+.......$            X509v3 Subject Key Identifier: $                EC:89:30:E6:B3:97:02:E2:71:A5:2D:5E:E7:75:58:2E:6F:A5:BB:E0$            X509v3 Authority Key Identifier: $                keyid:5F:BF:CF:4B:CB:EF:E8:49:C0:58:FD:E5:F6:E3:41:48:73:80:5D:63$$            X509v3 CRL Distribution Points: $$                Full Name:$                  URI:http://sec-ca02.passport.local/CertEnroll/sec-ca02.crl$$            Authority Information Access: $                CA Issuers - URI:http://sec-ca02.passport.local/CertEnroll/sec-ca02.passport.local_sec-ca02.crt$$    Signature Algorithm: sha512WithRSAEncryption$         1d:2e:79:df:0f:98:5b:36:96:49:16:2e:36:e4:fe:44:d8:7a:$         e1:cd:bd:bd:72:45:95:26:e0:9f:ea:3a:65:56:7e:73:09:c7:$         dc:9e:b6:c7:90:ab:29:de:25:da:ea:74:bf:6f:cd:26:16:34:$         43:53:1e:4e:ac:a5:af:e0:0c:3d:c4:3d:5f:33:d4:53:1f:e1:$         e3:73:f4:64:22:cc:63:ff:d9:f4:f1:ae:98:59:24:70:24:38:$         e8:37:f5:28:3d:1e:8e:69:9c:ac:02:a1:0e:37:52:c6:58:39:$         d1:ad:ea:dc:4d:79:f6:91:29:1d:57:02:0b:fb:f2:06:86:b1:$         b6:90:12:da:e7:a1:26:d5:79:97:d1:bf:0f:d4:e2:79:88:87:$         e5:94:26:bb:3c:34:22:78:48:54:33:e7:94:25:ee:0b:2c:25:$         9a:47:27:86:80:94:13:f0:81:d6:cf:ac:30:33:70:f9:6c:eb:$         72:8d:57:4b:fe:95:26:1e:0c:4c:ef:1a:94:27:50:23:43:3b:$         ca:11:bc:bf:ce:80:c1:01:b7:39:7d:ea:b1:80:bd:56:0d:f6:$         bb:dc:e6:d9:1c:0e:39:c7:7a:f1:ff:80:72:16:70:78:68:2d:$         2b:67:ca:84:7e:59:bc:aa:c1:f8:8d:22:e3:6f:14:e5:b8:59:$         3f:34:17:c5$
04/16/2025 13:44:14 [37995] realm is enabled: 
04/16/2025 13:44:15 [37995] no Content-Length
04/16/2025 13:44:15 [37995] try to get cookie for the first time: 98 :  SVPNNETWORKCOOKIE=; path=/remote/network; expires=Sun, 11 Mar 1984 12:00:00 GMT; secure; httponly
04/16/2025 13:44:16 [37995] no Content-Length
04/16/2025 13:44:16 [37995] cookie: SVPNCOOKIE=dD8i7NE4Bbo7zONAXWemK3ytoKZRK8kYpvaukbnDZNKicoO7c7pagf0C7/2p3YzZaoqavr/GZ4GuI9XITBiOGDQk2QnRztiK2p+ZwgOs5A1eF65SuGWL2BFo23w5WUJsrwRi5QFtzntTUAVfdaTZrUfOKtRyZ/G5DvhtJPsNbepLjHD3+ao9pYSjCoCa36bBf1j+8bERm2zRhmR4UZKLVp01qCzjfEbS1XeGBDjHjLt+Fe38eQA=
04/16/2025 13:44:16 [37995] no Content-Length
04/16/2025 13:44:16 [37995] no Content-Length
04/16/2025 13:44:16 [37995] 0|vpn-dc.mos.ru|10443|1||dD8i7NE4Bbo7zONAXWemK3ytoKZRK8kYpvaukbnDZNKicoO7c7pagf0C7/2p3YzZaoqavr/GZ4GuI9XITBiOGDQk2QnRztiK2p+ZwgOs5A1eF65SuGWL2BFo23w5WUJsrwRi5QFtzntTUAVfdaTZrUfOKtRyZ/G5DvhtJPsNbepLjHD3+ao9pYSjCoCa36bBf1j+8bERm2zRhmR4UZKLVp01qCzjfEbS1XeGBDjHjLt+Fe38eQA=|0
04/16/2025 13:44:16 [37992] ssl vpn tunnel started
04/16/2025 13:44:16 [37992] rcv cmd:0 at state[1]
04/16/2025 13:44:16 [38064] server=vpn-dc.mos.ru[vpn-dc.mos.ru] port=10443[10443] version=1 tunnel= cookie=dD8i7NE4Bbo7zONAXWemK3ytoKZRK8kYpvaukbnDZNKicoO7c7pagf0C7/2p3YzZaoqavr/GZ4GuI9XITBiOGDQk2QnRztiK2p+ZwgOs5A1eF65SuGWL2BFo23w5WUJsrwRi5QFtzntTUAVfdaTZrUfOKtRyZ/G5DvhtJPsNbepLjHD3+ao9pYSjCoCa36bBf1j+8bERm2zRhmR4UZKLVp01qCzjfEbS1XeGBDjHjLt+Fe38eQA= exclusive routing: 0

04/16/2025 13:44:16 [38064] starting pppd
04/16/2025 13:44:16 [38064] use tty:/dev/pts/7
04/16/2025 13:44:16 [38064] connecting to vpn-dc.mos.ru:10443
04/16/2025 13:44:24 [38064] [xml config]: GET /remote/fortisslvpn_xml ... (received 852 bytes): 
HTTP/1.1 200 OK
Date: Wed, 16 Apr 2025 10:44:24 GMT
Server: xxxxxxxx-xxxxx
Transfer-Encoding: chunked
Content-Type: text/xml
X-Frame-Options: SAMEORIGIN
Content-Security-Policy: frame-ancestors 'self'; object-src 'none'; script-src 'self' https 'unsafe-eval' 'unsafe-inline';
X-XSS-Protection: 1; mode=block
X-Content-Type-Options: nosniff
Strict-Transport-Security: max-age=31536000

<?xml version='1.0' encoding='utf-8'?><sslvpn-tunnel ver='1' patch='1'><tunnel-method value='ppp' /><tunnel-method value='tun' /><fos platform='FG1K5D' major='6' minor='00' patch='17' build='0528' branch='0528' /><client-config save-password='on' keep-alive='on' auto-connect='on' /><ipv4><dns ip='10.206.185.123' /><dns ip='10.89.58.17' /><assigned-addr ipv4='172.18.18.177' /></ipv4><idle-timeout val='3600' /><auth-timeout val='50400' /></sslvpn-tunnel>
----

04/16/2025 13:44:28 [38064] pppd may die...trying to fix it
04/16/2025 13:45:04 [38064] read error from tty[Input/output error]
04/16/2025 13:45:04 [38064] rcv frame from tty fail
04/16/2025 13:45:24 [38064] ppp interface is not up!!!
04/16/2025 13:45:24 [38064] io finished, kill pppd
04/16/2025 13:45:24 [38064] kill_child:38066
04/16/2025 13:45:24 [38064] tunnel finished, killing session
04/16/2025 13:45:24 [38064] killing pppd ...
04/16/2025 13:45:24 [37992] tunnel terminated
04/16/2025 13:45:24 [37992] tunnel down unexpected
04/16/2025 13:45:24 [37992] kill_child:37995
04/16/2025 13:45:24 [37995] signal rcved, logout now
04/16/2025 13:45:24 [38329] begin cleanup linux...
04/16/2025 13:45:24 [38329] restore /etc/resolv.conf
04/16/2025 13:45:24 [38329] clean up route...
04/16/2025 13:45:24 [38329] truncate pppd.log
04/16/2025 13:45:24 [38329] truncate forticlientsslvpn.log
04/16/2025 13:45:24 [37992] select: Interrupted system call
04/16/2025 13:48:21 [37995] tcp connect: Network dropped connection on reset
04/16/2025 13:52:06 [39564] begin cleanup linux...
04/16/2025 13:52:06 [39564] clean up route...
04/16/2025 13:52:06 [39564] truncate pppd.log
04/16/2025 14:29:11 [47400] set the loglevel to 1
04/16/2025 14:29:11 [47480] set the loglevel to 1
04/16/2025 14:29:11 [47480] sslvpn connection version:4.0.2327
04/16/2025 14:29:11 [47480] rcv cmd:0 at state[0]
04/16/2025 14:29:11 [47480] starting ssl vpn tunnel[4.0.2327]
04/16/2025 14:29:11 [47482] route backup START
04/16/2025 14:29:11 [47482] route backup DONE
04/16/2025 14:29:11 [47483] execl /home/user/Linux/forticlient/forticlientsslvpn/64bit/helper/get_fortisslvpn_info /home/user/Linux/forticlient/forticlientsslvpn/64bit/helper vpn-dc.mos.ru 10443   ...
04/16/2025 14:29:11 [47483] trusted CA dir: /home/user/.fctsslvpn_trustca
04/16/2025 14:29:11 [47483] set loglevel to 1
04/16/2025 14:29:50 [47480] rcv notice:1|Connection to vpn-dc.mos.ru:10443 time out in 30 seconds, you might need check if the address/port is valid.
04/16/2025 14:29:50 [47480] setup tunnel failed

04/16/2025 14:29:50 [47480] kill_child:47483
04/16/2025 14:29:50 [47480] tunnel start failed
04/16/2025 14:29:50 [47480] select: Interrupted system call
04/16/2025 14:29:50 [47480] rcv cmd:1 at state[0]
04/16/2025 14:29:50 [47660] begin cleanup linux...
04/16/2025 14:29:50 [47660] clean up route...
04/16/2025 14:29:50 [47660] truncate pppd.log
04/16/2025 14:29:50 [47480] rcv cmd:2 at state[0]
04/16/2025 14:32:13 [1676] set the loglevel to 1
04/16/2025 14:32:13 [1681] set the loglevel to 1
04/16/2025 14:32:13 [1681] sslvpn connection version:4.0.2327
04/16/2025 14:32:13 [1681] rcv cmd:0 at state[0]
04/16/2025 14:32:13 [1681] starting ssl vpn tunnel[4.0.2327]
04/16/2025 14:32:13 [1683] route backup START
04/16/2025 14:32:13 [1683] route backup DONE
04/16/2025 14:32:13 [1684] execl /home/user/Linux/forticlient/forticlientsslvpn/64bit/helper/get_fortisslvpn_info /home/user/Linux/forticlient/forticlientsslvpn/64bit/helper vpn-dc.mos.ru 10443   ...
04/16/2025 14:32:13 [1684] trusted CA dir: /home/user/.fctsslvpn_trustca
04/16/2025 14:32:13 [1684] set loglevel to 1
04/16/2025 14:32:13 [1684] Peer's certificate is not valid. action is 1
04/16/2025 14:32:13 [1684] peer's certificate: 
Certificate:$    Data:$        Version: 3 (0x2)$        Serial Number:$            74:00:00:4f:c4:41:c6:ed:46:86:6e:fa:bf:00:00:00:00:4f:c4$    Signature Algorithm: sha512WithRSAEncryption$        Issuer: DC=local, DC=passport, CN=sec-ca02$        Validity$            Not Before: Jun 13 09:02:05 2023 GMT$            Not After : Jun 12 09:02:05 2025 GMT$        Subject: CN=gate-k.mos.ru$        Subject Public Key Info:$            Public Key Algorithm: rsaEncryption$                Public-Key: (1024 bit)$                Modulus:$                    00:ce:c8:ea:27:fd:eb:41:11:2d:71:41:81:2f:41:$                    69:ec:e3:68:e3:83:c2:3e:0c:1c:23:ae:d3:d5:ed:$                    bf:e0:f3:e0:65:c6:69:6f:59:22:28:10:72:a8:cd:$                    0d:f1:42:eb:37:11:00:e4:e4:da:42:93:f8:96:82:$                    44:74:01:57:d4:3d:2e:22:95:00:8a:53:4d:19:20:$                    a6:15:50:91:b9:ad:29:0b:eb:16:f7:c8:f7:e3:aa:$                    99:86:b9:a6:76:9b:77:20:d5:3f:40:96:eb:d5:4b:$                    99:e3:5c:8c:64:12:aa:10:8a:05:c3:13:8e:b3:02:$                    84:e6:f5:4f:5f:cd:93:7b:a9$                Exponent: 65537 (0x10001)$        X509v3 extensions:$            1.3.6.1.4.1.311.21.7: $                0/.'+.....7.....X...~...5...^...$.e...J...,..d...$            X509v3 Extended Key Usage: $                TLS Web Server Authentication$            X509v3 Key Usage: critical$                Digital Signature, Key Encipherment$            1.3.6.1.4.1.311.21.10: $                0.0$..+.......$            X509v3 Subject Key Identifier: $                EC:89:30:E6:B3:97:02:E2:71:A5:2D:5E:E7:75:58:2E:6F:A5:BB:E0$            X509v3 Authority Key Identifier: $                keyid:5F:BF:CF:4B:CB:EF:E8:49:C0:58:FD:E5:F6:E3:41:48:73:80:5D:63$$            X509v3 CRL Distribution Points: $$                Full Name:$                  URI:http://sec-ca02.passport.local/CertEnroll/sec-ca02.crl$$            Authority Information Access: $                CA Issuers - URI:http://sec-ca02.passport.local/CertEnroll/sec-ca02.passport.local_sec-ca02.crt$$    Signature Algorithm: sha512WithRSAEncryption$         1d:2e:79:df:0f:98:5b:36:96:49:16:2e:36:e4:fe:44:d8:7a:$         e1:cd:bd:bd:72:45:95:26:e0:9f:ea:3a:65:56:7e:73:09:c7:$         dc:9e:b6:c7:90:ab:29:de:25:da:ea:74:bf:6f:cd:26:16:34:$         43:53:1e:4e:ac:a5:af:e0:0c:3d:c4:3d:5f:33:d4:53:1f:e1:$         e3:73:f4:64:22:cc:63:ff:d9:f4:f1:ae:98:59:24:70:24:38:$         e8:37:f5:28:3d:1e:8e:69:9c:ac:02:a1:0e:37:52:c6:58:39:$         d1:ad:ea:dc:4d:79:f6:91:29:1d:57:02:0b:fb:f2:06:86:b1:$         b6:90:12:da:e7:a1:26:d5:79:97:d1:bf:0f:d4:e2:79:88:87:$         e5:94:26:bb:3c:34:22:78:48:54:33:e7:94:25:ee:0b:2c:25:$         9a:47:27:86:80:94:13:f0:81:d6:cf:ac:30:33:70:f9:6c:eb:$         72:8d:57:4b:fe:95:26:1e:0c:4c:ef:1a:94:27:50:23:43:3b:$         ca:11:bc:bf:ce:80:c1:01:b7:39:7d:ea:b1:80:bd:56:0d:f6:$         bb:dc:e6:d9:1c:0e:39:c7:7a:f1:ff:80:72:16:70:78:68:2d:$         2b:67:ca:84:7e:59:bc:aa:c1:f8:8d:22:e3:6f:14:e5:b8:59:$         3f:34:17:c5$
04/16/2025 14:32:13 [1684] realm is enabled: 
04/16/2025 14:32:14 [1684] no Content-Length
04/16/2025 14:32:14 [1684] try to get cookie for the first time: 98 :  SVPNNETWORKCOOKIE=; path=/remote/network; expires=Sun, 11 Mar 1984 12:00:00 GMT; secure; httponly
04/16/2025 14:32:15 [1684] no Content-Length
04/16/2025 14:32:15 [1684] cookie: SVPNCOOKIE=Qv3xMfH9fUiKYH8DuPuXI8ckmu4hrk+YQldoVEtGRlYVGlg8JALv7i13Y5MJvNN4/7JQF808kisT42hlC3iDhRtLyEhp5+lNyzs+9v9K1MjHxPeeOSsqXW3pxoX6l4TSXn1RAvC4G8O3o1JxSlgPaX3fa28pEoKtMnYeVaLEPYmxij7FbNzd1ykMdwt69vplvS/UUGTPHHj3DWMNCSHzqLq9Idd4K5fKrfyxsy/kJkZddIB+oxs=
04/16/2025 14:32:15 [1684] no Content-Length
04/16/2025 14:32:15 [1684] no Content-Length
04/16/2025 14:32:15 [1684] 0|vpn-dc.mos.ru|10443|1||Qv3xMfH9fUiKYH8DuPuXI8ckmu4hrk+YQldoVEtGRlYVGlg8JALv7i13Y5MJvNN4/7JQF808kisT42hlC3iDhRtLyEhp5+lNyzs+9v9K1MjHxPeeOSsqXW3pxoX6l4TSXn1RAvC4G8O3o1JxSlgPaX3fa28pEoKtMnYeVaLEPYmxij7FbNzd1ykMdwt69vplvS/UUGTPHHj3DWMNCSHzqLq9Idd4K5fKrfyxsy/kJkZddIB+oxs=|0
04/16/2025 14:32:15 [1681] ssl vpn tunnel started
04/16/2025 14:32:15 [1681] rcv cmd:0 at state[1]
04/16/2025 14:32:15 [1710] server=vpn-dc.mos.ru[vpn-dc.mos.ru] port=10443[10443] version=1 tunnel= cookie=Qv3xMfH9fUiKYH8DuPuXI8ckmu4hrk+YQldoVEtGRlYVGlg8JALv7i13Y5MJvNN4/7JQF808kisT42hlC3iDhRtLyEhp5+lNyzs+9v9K1MjHxPeeOSsqXW3pxoX6l4TSXn1RAvC4G8O3o1JxSlgPaX3fa28pEoKtMnYeVaLEPYmxij7FbNzd1ykMdwt69vplvS/UUGTPHHj3DWMNCSHzqLq9Idd4K5fKrfyxsy/kJkZddIB+oxs= exclusive routing: 0

04/16/2025 14:32:15 [1710] starting pppd
04/16/2025 14:32:15 [1710] use tty:/dev/pts/7
04/16/2025 14:32:15 [1710] connecting to vpn-dc.mos.ru:10443
04/16/2025 14:32:15 [1710] [xml config]: GET /remote/fortisslvpn_xml ... (received 851 bytes): 
HTTP/1.1 200 OK
Date: Wed, 16 Apr 2025 11:32:15 GMT
Server: xxxxxxxx-xxxxx
Transfer-Encoding: chunked
Content-Type: text/xml
X-Frame-Options: SAMEORIGIN
Content-Security-Policy: frame-ancestors 'self'; object-src 'none'; script-src 'self' https 'unsafe-eval' 'unsafe-inline';
X-XSS-Protection: 1; mode=block
X-Content-Type-Options: nosniff
Strict-Transport-Security: max-age=31536000

<?xml version='1.0' encoding='utf-8'?><sslvpn-tunnel ver='1' patch='1'><tunnel-method value='ppp' /><tunnel-method value='tun' /><fos platform='FG1K5D' major='6' minor='00' patch='17' build='0528' branch='0528' /><client-config save-password='on' keep-alive='on' auto-connect='on' /><ipv4><dns ip='10.206.185.123' /><dns ip='10.89.58.17' /><assigned-addr ipv4='172.18.18.43' /></ipv4><idle-timeout val='3600' /><auth-timeout val='50400' /></sslvpn-tunnel>
----

04/16/2025 14:32:19 [1710] Got local address from ppp, interface will be  up
04/16/2025 14:32:20 [1710] ppp interface is up
04/16/2025 14:32:20 [1710] run_scutil 185.173.3.37 0 0...
Generating pppd.resolv.conf...Done
04/16/2025 14:32:21 [1757] begin sysconfig linux
04/16/2025 14:32:21 [1757] delete route 1.1.1.1
04/16/2025 14:32:21 [1757] Add the route for 185.173.3.37(192.168.0.1)
04/16/2025 14:32:21 [1757] router add default gw 172.18.18.43
04/17/2025 11:20:05 [11905] set the loglevel to 1
04/17/2025 11:20:05 [11910] set the loglevel to 1
04/17/2025 11:20:05 [11910] sslvpn connection version:4.0.2327
04/17/2025 11:20:05 [11910] rcv cmd:0 at state[0]
04/17/2025 11:20:05 [11910] starting ssl vpn tunnel[4.0.2327]
04/17/2025 11:20:05 [11912] route backup START
04/17/2025 11:20:05 [11912] route backup DONE
04/17/2025 11:20:05 [11913] execl /home/user/Linux/forticlient/forticlientsslvpn/64bit/helper/get_fortisslvpn_info /home/user/Linux/forticlient/forticlientsslvpn/64bit/helper vpn-dc.mos.ru 10443   ...
04/17/2025 11:20:05 [11913] trusted CA dir: /home/user/.fctsslvpn_trustca
04/17/2025 11:20:05 [11913] set loglevel to 1
04/17/2025 11:20:05 [11913] Peer's certificate is not valid. action is 1
04/17/2025 11:20:05 [11913] peer's certificate: 
Certificate:$    Data:$        Version: 3 (0x2)$        Serial Number:$            74:00:00:4f:c4:41:c6:ed:46:86:6e:fa:bf:00:00:00:00:4f:c4$    Signature Algorithm: sha512WithRSAEncryption$        Issuer: DC=local, DC=passport, CN=sec-ca02$        Validity$            Not Before: Jun 13 09:02:05 2023 GMT$            Not After : Jun 12 09:02:05 2025 GMT$        Subject: CN=gate-k.mos.ru$        Subject Public Key Info:$            Public Key Algorithm: rsaEncryption$                Public-Key: (1024 bit)$                Modulus:$                    00:ce:c8:ea:27:fd:eb:41:11:2d:71:41:81:2f:41:$                    69:ec:e3:68:e3:83:c2:3e:0c:1c:23:ae:d3:d5:ed:$                    bf:e0:f3:e0:65:c6:69:6f:59:22:28:10:72:a8:cd:$                    0d:f1:42:eb:37:11:00:e4:e4:da:42:93:f8:96:82:$                    44:74:01:57:d4:3d:2e:22:95:00:8a:53:4d:19:20:$                    a6:15:50:91:b9:ad:29:0b:eb:16:f7:c8:f7:e3:aa:$                    99:86:b9:a6:76:9b:77:20:d5:3f:40:96:eb:d5:4b:$                    99:e3:5c:8c:64:12:aa:10:8a:05:c3:13:8e:b3:02:$                    84:e6:f5:4f:5f:cd:93:7b:a9$                Exponent: 65537 (0x10001)$        X509v3 extensions:$            1.3.6.1.4.1.311.21.7: $                0/.'+.....7.....X...~...5...^...$.e...J...,..d...$            X509v3 Extended Key Usage: $                TLS Web Server Authentication$            X509v3 Key Usage: critical$                Digital Signature, Key Encipherment$            1.3.6.1.4.1.311.21.10: $                0.0$..+.......$            X509v3 Subject Key Identifier: $                EC:89:30:E6:B3:97:02:E2:71:A5:2D:5E:E7:75:58:2E:6F:A5:BB:E0$            X509v3 Authority Key Identifier: $                keyid:5F:BF:CF:4B:CB:EF:E8:49:C0:58:FD:E5:F6:E3:41:48:73:80:5D:63$$            X509v3 CRL Distribution Points: $$                Full Name:$                  URI:http://sec-ca02.passport.local/CertEnroll/sec-ca02.crl$$            Authority Information Access: $                CA Issuers - URI:http://sec-ca02.passport.local/CertEnroll/sec-ca02.passport.local_sec-ca02.crt$$    Signature Algorithm: sha512WithRSAEncryption$         1d:2e:79:df:0f:98:5b:36:96:49:16:2e:36:e4:fe:44:d8:7a:$         e1:cd:bd:bd:72:45:95:26:e0:9f:ea:3a:65:56:7e:73:09:c7:$         dc:9e:b6:c7:90:ab:29:de:25:da:ea:74:bf:6f:cd:26:16:34:$         43:53:1e:4e:ac:a5:af:e0:0c:3d:c4:3d:5f:33:d4:53:1f:e1:$         e3:73:f4:64:22:cc:63:ff:d9:f4:f1:ae:98:59:24:70:24:38:$         e8:37:f5:28:3d:1e:8e:69:9c:ac:02:a1:0e:37:52:c6:58:39:$         d1:ad:ea:dc:4d:79:f6:91:29:1d:57:02:0b:fb:f2:06:86:b1:$         b6:90:12:da:e7:a1:26:d5:79:97:d1:bf:0f:d4:e2:79:88:87:$         e5:94:26:bb:3c:34:22:78:48:54:33:e7:94:25:ee:0b:2c:25:$         9a:47:27:86:80:94:13:f0:81:d6:cf:ac:30:33:70:f9:6c:eb:$         72:8d:57:4b:fe:95:26:1e:0c:4c:ef:1a:94:27:50:23:43:3b:$         ca:11:bc:bf:ce:80:c1:01:b7:39:7d:ea:b1:80:bd:56:0d:f6:$         bb:dc:e6:d9:1c:0e:39:c7:7a:f1:ff:80:72:16:70:78:68:2d:$         2b:67:ca:84:7e:59:bc:aa:c1:f8:8d:22:e3:6f:14:e5:b8:59:$         3f:34:17:c5$
04/17/2025 11:20:05 [11913] realm is enabled: 
04/17/2025 11:20:07 [11913] no Content-Length
04/17/2025 11:20:07 [11913] try to get cookie for the first time: 98 :  SVPNNETWORKCOOKIE=; path=/remote/network; expires=Sun, 11 Mar 1984 12:00:00 GMT; secure; httponly
04/17/2025 11:20:07 [11913] no Content-Length
04/17/2025 11:20:07 [11913] cookie: SVPNCOOKIE=ZnPqHIEJfhBNJCQn24kgaNTjwuySf9209LJQTNIDDJAXBjJwS1j3SNl99qOm9ZMaU1UwRK3XdRp4w/4lAJSTqOHv17PdOFv8mVKz1xOFA8vqofxO14BxflpEi46THWxuXgY/0eGsubjWkoEyv6OHS6PmWSy+YctgtmFLYFpoTCC63WD7Ipn9szi3bwZH9XAXtNubl0sqaF3lTD0HA24tJ5H2sJL5PnpN2RzM/haM0k+kwayyA7o=
04/17/2025 11:20:07 [11913] no Content-Length
04/17/2025 11:20:07 [11913] no Content-Length
04/17/2025 11:20:07 [11913] 0|vpn-dc.mos.ru|10443|1||ZnPqHIEJfhBNJCQn24kgaNTjwuySf9209LJQTNIDDJAXBjJwS1j3SNl99qOm9ZMaU1UwRK3XdRp4w/4lAJSTqOHv17PdOFv8mVKz1xOFA8vqofxO14BxflpEi46THWxuXgY/0eGsubjWkoEyv6OHS6PmWSy+YctgtmFLYFpoTCC63WD7Ipn9szi3bwZH9XAXtNubl0sqaF3lTD0HA24tJ5H2sJL5PnpN2RzM/haM0k+kwayyA7o=|0
04/17/2025 11:20:07 [11910] ssl vpn tunnel started
04/17/2025 11:20:07 [11910] rcv cmd:0 at state[1]
04/17/2025 11:20:07 [11932] server=vpn-dc.mos.ru[vpn-dc.mos.ru] port=10443[10443] version=1 tunnel= cookie=ZnPqHIEJfhBNJCQn24kgaNTjwuySf9209LJQTNIDDJAXBjJwS1j3SNl99qOm9ZMaU1UwRK3XdRp4w/4lAJSTqOHv17PdOFv8mVKz1xOFA8vqofxO14BxflpEi46THWxuXgY/0eGsubjWkoEyv6OHS6PmWSy+YctgtmFLYFpoTCC63WD7Ipn9szi3bwZH9XAXtNubl0sqaF3lTD0HA24tJ5H2sJL5PnpN2RzM/haM0k+kwayyA7o= exclusive routing: 0

04/17/2025 11:20:07 [11932] starting pppd
04/17/2025 11:20:07 [11932] use tty:/dev/pts/7
04/17/2025 11:20:07 [11932] connecting to vpn-dc.mos.ru:10443
04/17/2025 11:20:08 [11932] [xml config]: GET /remote/fortisslvpn_xml ... (received 851 bytes): 
HTTP/1.1 200 OK
Date: Thu, 17 Apr 2025 08:20:08 GMT
Server: xxxxxxxx-xxxxx
Transfer-Encoding: chunked
Content-Type: text/xml
X-Frame-Options: SAMEORIGIN
Content-Security-Policy: frame-ancestors 'self'; object-src 'none'; script-src 'self' https 'unsafe-eval' 'unsafe-inline';
X-XSS-Protection: 1; mode=block
X-Content-Type-Options: nosniff
Strict-Transport-Security: max-age=31536000

<?xml version='1.0' encoding='utf-8'?><sslvpn-tunnel ver='1' patch='1'><tunnel-method value='ppp' /><tunnel-method value='tun' /><fos platform='FG1K5D' major='6' minor='00' patch='17' build='0528' branch='0528' /><client-config save-password='on' keep-alive='on' auto-connect='on' /><ipv4><dns ip='10.206.185.123' /><dns ip='10.89.58.17' /><assigned-addr ipv4='172.18.17.71' /></ipv4><idle-timeout val='3600' /><auth-timeout val='50400' /></sslvpn-tunnel>
----

04/17/2025 11:20:11 [11932] Got local address from ppp, interface will be  up
04/17/2025 11:20:13 [11932] ppp interface is up
04/17/2025 11:20:13 [11932] run_scutil 185.173.3.37 0 0...
Generating pppd.resolv.conf...Done
04/17/2025 11:20:14 [12038] begin sysconfig linux
04/17/2025 11:20:14 [12038] delete route 1.1.1.1
04/17/2025 11:20:14 [12038] Add the route for 185.173.3.37(192.168.0.1)
04/17/2025 11:20:14 [12038] router add default gw 172.18.17.71
04/22/2025 13:24:45 [3976] set the loglevel to 1
04/22/2025 13:24:45 [3971] set the loglevel to 1
04/22/2025 13:24:45 [3976] sslvpn connection version:4.0.2327
04/22/2025 13:24:45 [3976] rcv cmd:0 at state[0]
04/22/2025 13:24:45 [3976] starting ssl vpn tunnel[4.0.2327]
04/22/2025 13:24:45 [3978] route backup START
04/22/2025 13:24:45 [3978] route backup DONE
04/22/2025 13:24:45 [3979] execl /home/user/Linux/forticlient/forticlientsslvpn/64bit/helper/get_fortisslvpn_info /home/user/Linux/forticlient/forticlientsslvpn/64bit/helper vpn-dc.mos.ru 10443   ...
04/22/2025 13:24:45 [3979] trusted CA dir: /home/user/.fctsslvpn_trustca
04/22/2025 13:24:45 [3979] set loglevel to 1
04/22/2025 13:24:45 [3979] Peer's certificate is not valid. action is 1
04/22/2025 13:24:45 [3979] peer's certificate: 
Certificate:$    Data:$        Version: 3 (0x2)$        Serial Number:$            74:00:00:4f:c4:41:c6:ed:46:86:6e:fa:bf:00:00:00:00:4f:c4$    Signature Algorithm: sha512WithRSAEncryption$        Issuer: DC=local, DC=passport, CN=sec-ca02$        Validity$            Not Before: Jun 13 09:02:05 2023 GMT$            Not After : Jun 12 09:02:05 2025 GMT$        Subject: CN=gate-k.mos.ru$        Subject Public Key Info:$            Public Key Algorithm: rsaEncryption$                Public-Key: (1024 bit)$                Modulus:$                    00:ce:c8:ea:27:fd:eb:41:11:2d:71:41:81:2f:41:$                    69:ec:e3:68:e3:83:c2:3e:0c:1c:23:ae:d3:d5:ed:$                    bf:e0:f3:e0:65:c6:69:6f:59:22:28:10:72:a8:cd:$                    0d:f1:42:eb:37:11:00:e4:e4:da:42:93:f8:96:82:$                    44:74:01:57:d4:3d:2e:22:95:00:8a:53:4d:19:20:$                    a6:15:50:91:b9:ad:29:0b:eb:16:f7:c8:f7:e3:aa:$                    99:86:b9:a6:76:9b:77:20:d5:3f:40:96:eb:d5:4b:$                    99:e3:5c:8c:64:12:aa:10:8a:05:c3:13:8e:b3:02:$                    84:e6:f5:4f:5f:cd:93:7b:a9$                Exponent: 65537 (0x10001)$        X509v3 extensions:$            1.3.6.1.4.1.311.21.7: $                0/.'+.....7.....X...~...5...^...$.e...J...,..d...$            X509v3 Extended Key Usage: $                TLS Web Server Authentication$            X509v3 Key Usage: critical$                Digital Signature, Key Encipherment$            1.3.6.1.4.1.311.21.10: $                0.0$..+.......$            X509v3 Subject Key Identifier: $                EC:89:30:E6:B3:97:02:E2:71:A5:2D:5E:E7:75:58:2E:6F:A5:BB:E0$            X509v3 Authority Key Identifier: $                keyid:5F:BF:CF:4B:CB:EF:E8:49:C0:58:FD:E5:F6:E3:41:48:73:80:5D:63$$            X509v3 CRL Distribution Points: $$                Full Name:$                  URI:http://sec-ca02.passport.local/CertEnroll/sec-ca02.crl$$            Authority Information Access: $                CA Issuers - URI:http://sec-ca02.passport.local/CertEnroll/sec-ca02.passport.local_sec-ca02.crt$$    Signature Algorithm: sha512WithRSAEncryption$         1d:2e:79:df:0f:98:5b:36:96:49:16:2e:36:e4:fe:44:d8:7a:$         e1:cd:bd:bd:72:45:95:26:e0:9f:ea:3a:65:56:7e:73:09:c7:$         dc:9e:b6:c7:90:ab:29:de:25:da:ea:74:bf:6f:cd:26:16:34:$         43:53:1e:4e:ac:a5:af:e0:0c:3d:c4:3d:5f:33:d4:53:1f:e1:$         e3:73:f4:64:22:cc:63:ff:d9:f4:f1:ae:98:59:24:70:24:38:$         e8:37:f5:28:3d:1e:8e:69:9c:ac:02:a1:0e:37:52:c6:58:39:$         d1:ad:ea:dc:4d:79:f6:91:29:1d:57:02:0b:fb:f2:06:86:b1:$         b6:90:12:da:e7:a1:26:d5:79:97:d1:bf:0f:d4:e2:79:88:87:$         e5:94:26:bb:3c:34:22:78:48:54:33:e7:94:25:ee:0b:2c:25:$         9a:47:27:86:80:94:13:f0:81:d6:cf:ac:30:33:70:f9:6c:eb:$         72:8d:57:4b:fe:95:26:1e:0c:4c:ef:1a:94:27:50:23:43:3b:$         ca:11:bc:bf:ce:80:c1:01:b7:39:7d:ea:b1:80:bd:56:0d:f6:$         bb:dc:e6:d9:1c:0e:39:c7:7a:f1:ff:80:72:16:70:78:68:2d:$         2b:67:ca:84:7e:59:bc:aa:c1:f8:8d:22:e3:6f:14:e5:b8:59:$         3f:34:17:c5$
04/22/2025 13:24:45 [3979] realm is enabled: 
04/22/2025 13:24:46 [3979] no Content-Length
04/22/2025 13:24:46 [3979] try to get cookie for the first time: 98 :  SVPNNETWORKCOOKIE=; path=/remote/network; expires=Sun, 11 Mar 1984 12:00:00 GMT; secure; httponly
04/22/2025 13:24:47 [3979] no Content-Length
04/22/2025 13:24:47 [3979] cookie: SVPNCOOKIE=TLizVKnreluJ0igkJXFpBPEs4w61XN5qjNLAdQVPZDq36JY2a2la7sHVAiuDln5H7QfMGZhGFL2xOh89fWTEZwy/PHFFMUApT6XYeMAk/D13LQX4jGzvoV7fpbd5J/JFv5jolxc+CiIO4BfJhUQt6cKRkW5QVXGm3qIg/P1uyXUUcvhs+w2V6xf7Lfm0zCRmS6Cs8zvRpqGoVCFsI4SMjL1telZF48/q1SsSd8IRDBroYu0ToQ==
04/22/2025 13:24:47 [3979] no Content-Length
04/22/2025 13:24:47 [3979] no Content-Length
04/22/2025 13:24:47 [3979] 0|vpn-dc.mos.ru|10443|1||TLizVKnreluJ0igkJXFpBPEs4w61XN5qjNLAdQVPZDq36JY2a2la7sHVAiuDln5H7QfMGZhGFL2xOh89fWTEZwy/PHFFMUApT6XYeMAk/D13LQX4jGzvoV7fpbd5J/JFv5jolxc+CiIO4BfJhUQt6cKRkW5QVXGm3qIg/P1uyXUUcvhs+w2V6xf7Lfm0zCRmS6Cs8zvRpqGoVCFsI4SMjL1telZF48/q1SsSd8IRDBroYu0ToQ==|0
04/22/2025 13:24:47 [3976] ssl vpn tunnel started
04/22/2025 13:24:47 [3976] rcv cmd:0 at state[1]
04/22/2025 13:24:47 [4005] server=vpn-dc.mos.ru[vpn-dc.mos.ru] port=10443[10443] version=1 tunnel= cookie=TLizVKnreluJ0igkJXFpBPEs4w61XN5qjNLAdQVPZDq36JY2a2la7sHVAiuDln5H7QfMGZhGFL2xOh89fWTEZwy/PHFFMUApT6XYeMAk/D13LQX4jGzvoV7fpbd5J/JFv5jolxc+CiIO4BfJhUQt6cKRkW5QVXGm3qIg/P1uyXUUcvhs+w2V6xf7Lfm0zCRmS6Cs8zvRpqGoVCFsI4SMjL1telZF48/q1SsSd8IRDBroYu0ToQ== exclusive routing: 0

04/22/2025 13:24:47 [4005] starting pppd
04/22/2025 13:24:47 [4005] use tty:/dev/pts/6
04/22/2025 13:24:47 [4005] connecting to vpn-dc.mos.ru:10443
04/22/2025 13:24:47 [4005] [xml config]: GET /remote/fortisslvpn_xml ... (received 851 bytes): 
HTTP/1.1 200 OK
Date: Tue, 22 Apr 2025 10:24:47 GMT
Server: xxxxxxxx-xxxxx
Transfer-Encoding: chunked
Content-Type: text/xml
X-Frame-Options: SAMEORIGIN
Content-Security-Policy: frame-ancestors 'self'; object-src 'none'; script-src 'self' https 'unsafe-eval' 'unsafe-inline';
X-XSS-Protection: 1; mode=block
X-Content-Type-Options: nosniff
Strict-Transport-Security: max-age=31536000

<?xml version='1.0' encoding='utf-8'?><sslvpn-tunnel ver='1' patch='1'><tunnel-method value='ppp' /><tunnel-method value='tun' /><fos platform='FG1K5D' major='6' minor='00' patch='17' build='0528' branch='0528' /><client-config save-password='on' keep-alive='on' auto-connect='on' /><ipv4><dns ip='10.206.185.123' /><dns ip='10.89.58.17' /><assigned-addr ipv4='172.18.18.73' /></ipv4><idle-timeout val='3600' /><auth-timeout val='50400' /></sslvpn-tunnel>
----

04/22/2025 13:24:50 [4005] Got local address from ppp, interface will be  up
04/22/2025 13:24:52 [4005] ppp interface is up
04/22/2025 13:24:52 [4005] run_scutil 185.173.3.37 0 0...
Generating pppd.resolv.conf...Done
04/22/2025 13:24:53 [4058] begin sysconfig linux
04/22/2025 13:24:53 [4058] delete route 1.1.1.1
04/22/2025 13:24:53 [4058] Add the route for 185.173.3.37(192.168.0.1)
04/22/2025 13:24:53 [4058] router add default gw 172.18.18.73
04/22/2025 13:30:47 [4005] killing pppd ...
04/22/2025 13:30:47 [4005] kill_child:4007
04/22/2025 13:30:47 [3976] kill_child:4005
04/22/2025 13:30:47 [4005] kill_child:4058
04/22/2025 13:30:47 [3976] kill_child:3979
04/22/2025 13:30:47 [3979] signal rcved, logout now
04/23/2025 17:33:07 [34423] set the loglevel to 1
04/23/2025 17:33:07 [34428] set the loglevel to 1
04/23/2025 17:33:07 [34428] sslvpn connection version:4.0.2327
04/23/2025 17:33:07 [34428] rcv cmd:0 at state[0]
04/23/2025 17:33:07 [34428] starting ssl vpn tunnel[4.0.2327]
04/23/2025 17:33:07 [34430] route backup START
04/23/2025 17:33:07 [34430] route backup DONE
04/23/2025 17:33:07 [34431] execl /home/user/Linux/forticlient/forticlientsslvpn/64bit/helper/get_fortisslvpn_info /home/user/Linux/forticlient/forticlientsslvpn/64bit/helper vpn-dc.mos.ru 10443   ...
04/23/2025 17:33:07 [34431] trusted CA dir: /home/user/.fctsslvpn_trustca
04/23/2025 17:33:07 [34431] set loglevel to 1
04/23/2025 17:33:07 [34431] Peer's certificate is not valid. action is 1
04/23/2025 17:33:07 [34431] peer's certificate: 
Certificate:$    Data:$        Version: 3 (0x2)$        Serial Number:$            74:00:00:4f:c4:41:c6:ed:46:86:6e:fa:bf:00:00:00:00:4f:c4$    Signature Algorithm: sha512WithRSAEncryption$        Issuer: DC=local, DC=passport, CN=sec-ca02$        Validity$            Not Before: Jun 13 09:02:05 2023 GMT$            Not After : Jun 12 09:02:05 2025 GMT$        Subject: CN=gate-k.mos.ru$        Subject Public Key Info:$            Public Key Algorithm: rsaEncryption$                Public-Key: (1024 bit)$                Modulus:$                    00:ce:c8:ea:27:fd:eb:41:11:2d:71:41:81:2f:41:$                    69:ec:e3:68:e3:83:c2:3e:0c:1c:23:ae:d3:d5:ed:$                    bf:e0:f3:e0:65:c6:69:6f:59:22:28:10:72:a8:cd:$                    0d:f1:42:eb:37:11:00:e4:e4:da:42:93:f8:96:82:$                    44:74:01:57:d4:3d:2e:22:95:00:8a:53:4d:19:20:$                    a6:15:50:91:b9:ad:29:0b:eb:16:f7:c8:f7:e3:aa:$                    99:86:b9:a6:76:9b:77:20:d5:3f:40:96:eb:d5:4b:$                    99:e3:5c:8c:64:12:aa:10:8a:05:c3:13:8e:b3:02:$                    84:e6:f5:4f:5f:cd:93:7b:a9$                Exponent: 65537 (0x10001)$        X509v3 extensions:$            1.3.6.1.4.1.311.21.7: $                0/.'+.....7.....X...~...5...^...$.e...J...,..d...$            X509v3 Extended Key Usage: $                TLS Web Server Authentication$            X509v3 Key Usage: critical$                Digital Signature, Key Encipherment$            1.3.6.1.4.1.311.21.10: $                0.0$..+.......$            X509v3 Subject Key Identifier: $                EC:89:30:E6:B3:97:02:E2:71:A5:2D:5E:E7:75:58:2E:6F:A5:BB:E0$            X509v3 Authority Key Identifier: $                keyid:5F:BF:CF:4B:CB:EF:E8:49:C0:58:FD:E5:F6:E3:41:48:73:80:5D:63$$            X509v3 CRL Distribution Points: $$                Full Name:$                  URI:http://sec-ca02.passport.local/CertEnroll/sec-ca02.crl$$            Authority Information Access: $                CA Issuers - URI:http://sec-ca02.passport.local/CertEnroll/sec-ca02.passport.local_sec-ca02.crt$$    Signature Algorithm: sha512WithRSAEncryption$         1d:2e:79:df:0f:98:5b:36:96:49:16:2e:36:e4:fe:44:d8:7a:$         e1:cd:bd:bd:72:45:95:26:e0:9f:ea:3a:65:56:7e:73:09:c7:$         dc:9e:b6:c7:90:ab:29:de:25:da:ea:74:bf:6f:cd:26:16:34:$         43:53:1e:4e:ac:a5:af:e0:0c:3d:c4:3d:5f:33:d4:53:1f:e1:$         e3:73:f4:64:22:cc:63:ff:d9:f4:f1:ae:98:59:24:70:24:38:$         e8:37:f5:28:3d:1e:8e:69:9c:ac:02:a1:0e:37:52:c6:58:39:$         d1:ad:ea:dc:4d:79:f6:91:29:1d:57:02:0b:fb:f2:06:86:b1:$         b6:90:12:da:e7:a1:26:d5:79:97:d1:bf:0f:d4:e2:79:88:87:$         e5:94:26:bb:3c:34:22:78:48:54:33:e7:94:25:ee:0b:2c:25:$         9a:47:27:86:80:94:13:f0:81:d6:cf:ac:30:33:70:f9:6c:eb:$         72:8d:57:4b:fe:95:26:1e:0c:4c:ef:1a:94:27:50:23:43:3b:$         ca:11:bc:bf:ce:80:c1:01:b7:39:7d:ea:b1:80:bd:56:0d:f6:$         bb:dc:e6:d9:1c:0e:39:c7:7a:f1:ff:80:72:16:70:78:68:2d:$         2b:67:ca:84:7e:59:bc:aa:c1:f8:8d:22:e3:6f:14:e5:b8:59:$         3f:34:17:c5$
04/23/2025 17:33:07 [34431] realm is enabled: 
04/23/2025 17:33:09 [34431] no Content-Length
04/23/2025 17:33:09 [34431] try to get cookie for the first time: 98 :  SVPNNETWORKCOOKIE=; path=/remote/network; expires=Sun, 11 Mar 1984 12:00:00 GMT; secure; httponly
04/23/2025 17:33:09 [34431] no Content-Length
04/23/2025 17:33:09 [34431] cookie: SVPNCOOKIE=ukty7Dgts8n5BaNUvfdidrNaxMaXz+HJqyJcxEARzmTeBfJbBXX6X1/SEyrozH5HDcZSSFGPzMQcaGrM0X7C9d/2G3N5jnruVMaiBnBT7Z5hynXflmqfhvlZd6UnLUzoLcQJOpQZk/rVrDxjex4CA2KiEkPWoPcWB5xMgrADLG9weqcSRo6Nz9B1+/xhxH4lg7MdVFWp7aGuOjX9aF0kaFUxEo5C4DTW2vpPvCR40MWW/A8=
04/23/2025 17:33:09 [34431] no Content-Length
04/23/2025 17:33:09 [34431] no Content-Length
04/23/2025 17:33:09 [34431] 0|vpn-dc.mos.ru|10443|1||ukty7Dgts8n5BaNUvfdidrNaxMaXz+HJqyJcxEARzmTeBfJbBXX6X1/SEyrozH5HDcZSSFGPzMQcaGrM0X7C9d/2G3N5jnruVMaiBnBT7Z5hynXflmqfhvlZd6UnLUzoLcQJOpQZk/rVrDxjex4CA2KiEkPWoPcWB5xMgrADLG9weqcSRo6Nz9B1+/xhxH4lg7MdVFWp7aGuOjX9aF0kaFUxEo5C4DTW2vpPvCR40MWW/A8=|0
04/23/2025 17:33:09 [34428] ssl vpn tunnel started
04/23/2025 17:33:09 [34428] rcv cmd:0 at state[1]
04/23/2025 17:33:09 [34457] server=vpn-dc.mos.ru[vpn-dc.mos.ru] port=10443[10443] version=1 tunnel= cookie=ukty7Dgts8n5BaNUvfdidrNaxMaXz+HJqyJcxEARzmTeBfJbBXX6X1/SEyrozH5HDcZSSFGPzMQcaGrM0X7C9d/2G3N5jnruVMaiBnBT7Z5hynXflmqfhvlZd6UnLUzoLcQJOpQZk/rVrDxjex4CA2KiEkPWoPcWB5xMgrADLG9weqcSRo6Nz9B1+/xhxH4lg7MdVFWp7aGuOjX9aF0kaFUxEo5C4DTW2vpPvCR40MWW/A8= exclusive routing: 0

04/23/2025 17:33:09 [34457] starting pppd
04/23/2025 17:33:09 [34457] use tty:/dev/pts/7
04/23/2025 17:33:09 [34457] connecting to vpn-dc.mos.ru:10443
04/23/2025 17:33:09 [34457] [xml config]: GET /remote/fortisslvpn_xml ... (received 851 bytes): 
HTTP/1.1 200 OK
Date: Wed, 23 Apr 2025 14:33:09 GMT
Server: xxxxxxxx-xxxxx
Transfer-Encoding: chunked
Content-Type: text/xml
X-Frame-Options: SAMEORIGIN
Content-Security-Policy: frame-ancestors 'self'; object-src 'none'; script-src 'self' https 'unsafe-eval' 'unsafe-inline';
X-XSS-Protection: 1; mode=block
X-Content-Type-Options: nosniff
Strict-Transport-Security: max-age=31536000

<?xml version='1.0' encoding='utf-8'?><sslvpn-tunnel ver='1' patch='1'><tunnel-method value='ppp' /><tunnel-method value='tun' /><fos platform='FG1K5D' major='6' minor='00' patch='17' build='0528' branch='0528' /><client-config save-password='on' keep-alive='on' auto-connect='on' /><ipv4><dns ip='10.206.185.123' /><dns ip='10.89.58.17' /><assigned-addr ipv4='172.18.16.80' /></ipv4><idle-timeout val='3600' /><auth-timeout val='50400' /></sslvpn-tunnel>
----

04/23/2025 17:33:13 [34457] Got local address from ppp, interface will be  up
04/23/2025 17:33:14 [34457] ppp interface is up
04/23/2025 17:33:14 [34457] run_scutil 185.173.3.37 0 0...
Generating pppd.resolv.conf...Done
04/23/2025 17:33:15 [34551] begin sysconfig linux
04/23/2025 17:33:15 [34551] delete route 1.1.1.1
04/23/2025 17:33:15 [34551] Add the route for 185.173.3.37(192.168.0.1)
04/23/2025 17:33:15 [34551] router add default gw 172.18.16.80
04/24/2025 21:01:37 [152967] set the loglevel to 1
04/24/2025 21:01:37 [152962] set the loglevel to 1
04/24/2025 21:01:37 [152967] sslvpn connection version:4.0.2327
04/24/2025 21:01:37 [152967] rcv cmd:0 at state[0]
04/24/2025 21:01:37 [152967] starting ssl vpn tunnel[4.0.2327]
04/24/2025 21:01:37 [152969] route backup START
04/24/2025 21:01:37 [152969] route backup DONE
04/24/2025 21:01:37 [152970] execl /home/user/Linux/forticlient/forticlientsslvpn/64bit/helper/get_fortisslvpn_info /home/user/Linux/forticlient/forticlientsslvpn/64bit/helper vpn-dc.mos.ru 10443   ...
04/24/2025 21:01:37 [152970] trusted CA dir: /home/user/.fctsslvpn_trustca
04/24/2025 21:01:37 [152970] set loglevel to 1
04/24/2025 21:01:37 [152970] Peer's certificate is not valid. action is 1
04/24/2025 21:01:37 [152970] peer's certificate: 
Certificate:$    Data:$        Version: 3 (0x2)$        Serial Number:$            74:00:00:4f:c4:41:c6:ed:46:86:6e:fa:bf:00:00:00:00:4f:c4$    Signature Algorithm: sha512WithRSAEncryption$        Issuer: DC=local, DC=passport, CN=sec-ca02$        Validity$            Not Before: Jun 13 09:02:05 2023 GMT$            Not After : Jun 12 09:02:05 2025 GMT$        Subject: CN=gate-k.mos.ru$        Subject Public Key Info:$            Public Key Algorithm: rsaEncryption$                Public-Key: (1024 bit)$                Modulus:$                    00:ce:c8:ea:27:fd:eb:41:11:2d:71:41:81:2f:41:$                    69:ec:e3:68:e3:83:c2:3e:0c:1c:23:ae:d3:d5:ed:$                    bf:e0:f3:e0:65:c6:69:6f:59:22:28:10:72:a8:cd:$                    0d:f1:42:eb:37:11:00:e4:e4:da:42:93:f8:96:82:$                    44:74:01:57:d4:3d:2e:22:95:00:8a:53:4d:19:20:$                    a6:15:50:91:b9:ad:29:0b:eb:16:f7:c8:f7:e3:aa:$                    99:86:b9:a6:76:9b:77:20:d5:3f:40:96:eb:d5:4b:$                    99:e3:5c:8c:64:12:aa:10:8a:05:c3:13:8e:b3:02:$                    84:e6:f5:4f:5f:cd:93:7b:a9$                Exponent: 65537 (0x10001)$        X509v3 extensions:$            1.3.6.1.4.1.311.21.7: $                0/.'+.....7.....X...~...5...^...$.e...J...,..d...$            X509v3 Extended Key Usage: $                TLS Web Server Authentication$            X509v3 Key Usage: critical$                Digital Signature, Key Encipherment$            1.3.6.1.4.1.311.21.10: $                0.0$..+.......$            X509v3 Subject Key Identifier: $                EC:89:30:E6:B3:97:02:E2:71:A5:2D:5E:E7:75:58:2E:6F:A5:BB:E0$            X509v3 Authority Key Identifier: $                keyid:5F:BF:CF:4B:CB:EF:E8:49:C0:58:FD:E5:F6:E3:41:48:73:80:5D:63$$            X509v3 CRL Distribution Points: $$                Full Name:$                  URI:http://sec-ca02.passport.local/CertEnroll/sec-ca02.crl$$            Authority Information Access: $                CA Issuers - URI:http://sec-ca02.passport.local/CertEnroll/sec-ca02.passport.local_sec-ca02.crt$$    Signature Algorithm: sha512WithRSAEncryption$         1d:2e:79:df:0f:98:5b:36:96:49:16:2e:36:e4:fe:44:d8:7a:$         e1:cd:bd:bd:72:45:95:26:e0:9f:ea:3a:65:56:7e:73:09:c7:$         dc:9e:b6:c7:90:ab:29:de:25:da:ea:74:bf:6f:cd:26:16:34:$         43:53:1e:4e:ac:a5:af:e0:0c:3d:c4:3d:5f:33:d4:53:1f:e1:$         e3:73:f4:64:22:cc:63:ff:d9:f4:f1:ae:98:59:24:70:24:38:$         e8:37:f5:28:3d:1e:8e:69:9c:ac:02:a1:0e:37:52:c6:58:39:$         d1:ad:ea:dc:4d:79:f6:91:29:1d:57:02:0b:fb:f2:06:86:b1:$         b6:90:12:da:e7:a1:26:d5:79:97:d1:bf:0f:d4:e2:79:88:87:$         e5:94:26:bb:3c:34:22:78:48:54:33:e7:94:25:ee:0b:2c:25:$         9a:47:27:86:80:94:13:f0:81:d6:cf:ac:30:33:70:f9:6c:eb:$         72:8d:57:4b:fe:95:26:1e:0c:4c:ef:1a:94:27:50:23:43:3b:$         ca:11:bc:bf:ce:80:c1:01:b7:39:7d:ea:b1:80:bd:56:0d:f6:$         bb:dc:e6:d9:1c:0e:39:c7:7a:f1:ff:80:72:16:70:78:68:2d:$         2b:67:ca:84:7e:59:bc:aa:c1:f8:8d:22:e3:6f:14:e5:b8:59:$         3f:34:17:c5$
04/24/2025 21:01:37 [152970] realm is enabled: 
04/24/2025 21:01:38 [152970] no Content-Length
04/24/2025 21:01:38 [152970] try to get cookie for the first time: 98 :  SVPNNETWORKCOOKIE=; path=/remote/network; expires=Sun, 11 Mar 1984 12:00:00 GMT; secure; httponly
04/24/2025 21:01:39 [152970] no Content-Length
04/24/2025 21:01:39 [152970] cookie: SVPNCOOKIE=ZJgOpkQC3TlzlejliZ9H+It0ZPkhIKJk/eA3ofU2tavGAPOHg1YV9Ddsf+MwD5nbvpK+LCmpead/N7eyvgouB2EBM2CrRBsT5tn7FoJN2F/0o5hlQrnKImi0hMOPPdOixpXKqnJEwk9Aj6pL3Y35bdkFnFZ7aNJ/vKR6FMQkheo28lSphzuY2Z7RVowgDvhyy4gt+myQ5pKXbfZmFQt1pydV5jth3FoZO05nSlMFOnerf9Up
04/24/2025 21:01:39 [152970] no Content-Length
04/24/2025 21:01:39 [152970] no Content-Length
04/24/2025 21:01:39 [152970] 0|vpn-dc.mos.ru|10443|1||ZJgOpkQC3TlzlejliZ9H+It0ZPkhIKJk/eA3ofU2tavGAPOHg1YV9Ddsf+MwD5nbvpK+LCmpead/N7eyvgouB2EBM2CrRBsT5tn7FoJN2F/0o5hlQrnKImi0hMOPPdOixpXKqnJEwk9Aj6pL3Y35bdkFnFZ7aNJ/vKR6FMQkheo28lSphzuY2Z7RVowgDvhyy4gt+myQ5pKXbfZmFQt1pydV5jth3FoZO05nSlMFOnerf9Up|0
04/24/2025 21:01:39 [152967] ssl vpn tunnel started
04/24/2025 21:01:39 [152967] rcv cmd:0 at state[1]
04/24/2025 21:01:39 [152989] server=vpn-dc.mos.ru[vpn-dc.mos.ru] port=10443[10443] version=1 tunnel= cookie=ZJgOpkQC3TlzlejliZ9H+It0ZPkhIKJk/eA3ofU2tavGAPOHg1YV9Ddsf+MwD5nbvpK+LCmpead/N7eyvgouB2EBM2CrRBsT5tn7FoJN2F/0o5hlQrnKImi0hMOPPdOixpXKqnJEwk9Aj6pL3Y35bdkFnFZ7aNJ/vKR6FMQkheo28lSphzuY2Z7RVowgDvhyy4gt+myQ5pKXbfZmFQt1pydV5jth3FoZO05nSlMFOnerf9Up exclusive routing: 0

04/24/2025 21:01:39 [152989] starting pppd
04/24/2025 21:01:39 [152989] use tty:/dev/pts/8
04/24/2025 21:01:39 [152989] connecting to vpn-dc.mos.ru:10443
04/24/2025 21:01:39 [152989] [xml config]: GET /remote/fortisslvpn_xml ... (received 852 bytes): 
HTTP/1.1 200 OK
Date: Thu, 24 Apr 2025 18:01:39 GMT
Server: xxxxxxxx-xxxxx
Transfer-Encoding: chunked
Content-Type: text/xml
X-Frame-Options: SAMEORIGIN
Content-Security-Policy: frame-ancestors 'self'; object-src 'none'; script-src 'self' https 'unsafe-eval' 'unsafe-inline';
X-XSS-Protection: 1; mode=block
X-Content-Type-Options: nosniff
Strict-Transport-Security: max-age=31536000

<?xml version='1.0' encoding='utf-8'?><sslvpn-tunnel ver='1' patch='1'><tunnel-method value='ppp' /><tunnel-method value='tun' /><fos platform='FG1K5D' major='6' minor='00' patch='17' build='0528' branch='0528' /><client-config save-password='on' keep-alive='on' auto-connect='on' /><ipv4><dns ip='10.206.185.123' /><dns ip='10.89.58.17' /><assigned-addr ipv4='172.18.16.160' /></ipv4><idle-timeout val='3600' /><auth-timeout val='50400' /></sslvpn-tunnel>
----

04/24/2025 21:01:43 [152989] Got local address from ppp, interface will be  up
04/24/2025 21:01:44 [152989] ppp interface is up
04/24/2025 21:01:44 [152989] run_scutil 185.173.3.37 0 0...
Generating pppd.resolv.conf...Done
04/24/2025 21:01:45 [153043] begin sysconfig linux
04/24/2025 21:01:45 [153043] delete route 1.1.1.1
04/24/2025 21:01:45 [153043] Add the route for 185.173.3.37(192.168.0.1)
04/24/2025 21:01:45 [153043] router add default gw 172.18.16.160
04/25/2025 17:33:10 [60734] set the loglevel to 1
04/25/2025 17:33:10 [60739] set the loglevel to 1
04/25/2025 17:33:10 [60739] sslvpn connection version:4.0.2327
04/25/2025 17:33:10 [60739] rcv cmd:0 at state[0]
04/25/2025 17:33:10 [60739] starting ssl vpn tunnel[4.0.2327]
04/25/2025 17:33:10 [60741] route backup START
04/25/2025 17:33:10 [60741] route backup DONE
04/25/2025 17:33:10 [60742] execl /home/user/Linux/forticlient/forticlientsslvpn/64bit/helper/get_fortisslvpn_info /home/user/Linux/forticlient/forticlientsslvpn/64bit/helper vpn-dc.mos.ru 10443   ...
04/25/2025 17:33:10 [60742] trusted CA dir: /home/user/.fctsslvpn_trustca
04/25/2025 17:33:10 [60742] set loglevel to 1
04/25/2025 17:33:10 [60742] Peer's certificate is not valid. action is 1
04/25/2025 17:33:10 [60742] peer's certificate: 
Certificate:$    Data:$        Version: 3 (0x2)$        Serial Number:$            74:00:00:4f:c4:41:c6:ed:46:86:6e:fa:bf:00:00:00:00:4f:c4$    Signature Algorithm: sha512WithRSAEncryption$        Issuer: DC=local, DC=passport, CN=sec-ca02$        Validity$            Not Before: Jun 13 09:02:05 2023 GMT$            Not After : Jun 12 09:02:05 2025 GMT$        Subject: CN=gate-k.mos.ru$        Subject Public Key Info:$            Public Key Algorithm: rsaEncryption$                Public-Key: (1024 bit)$                Modulus:$                    00:ce:c8:ea:27:fd:eb:41:11:2d:71:41:81:2f:41:$                    69:ec:e3:68:e3:83:c2:3e:0c:1c:23:ae:d3:d5:ed:$                    bf:e0:f3:e0:65:c6:69:6f:59:22:28:10:72:a8:cd:$                    0d:f1:42:eb:37:11:00:e4:e4:da:42:93:f8:96:82:$                    44:74:01:57:d4:3d:2e:22:95:00:8a:53:4d:19:20:$                    a6:15:50:91:b9:ad:29:0b:eb:16:f7:c8:f7:e3:aa:$                    99:86:b9:a6:76:9b:77:20:d5:3f:40:96:eb:d5:4b:$                    99:e3:5c:8c:64:12:aa:10:8a:05:c3:13:8e:b3:02:$                    84:e6:f5:4f:5f:cd:93:7b:a9$                Exponent: 65537 (0x10001)$        X509v3 extensions:$            1.3.6.1.4.1.311.21.7: $                0/.'+.....7.....X...~...5...^...$.e...J...,..d...$            X509v3 Extended Key Usage: $                TLS Web Server Authentication$            X509v3 Key Usage: critical$                Digital Signature, Key Encipherment$            1.3.6.1.4.1.311.21.10: $                0.0$..+.......$            X509v3 Subject Key Identifier: $                EC:89:30:E6:B3:97:02:E2:71:A5:2D:5E:E7:75:58:2E:6F:A5:BB:E0$            X509v3 Authority Key Identifier: $                keyid:5F:BF:CF:4B:CB:EF:E8:49:C0:58:FD:E5:F6:E3:41:48:73:80:5D:63$$            X509v3 CRL Distribution Points: $$                Full Name:$                  URI:http://sec-ca02.passport.local/CertEnroll/sec-ca02.crl$$            Authority Information Access: $                CA Issuers - URI:http://sec-ca02.passport.local/CertEnroll/sec-ca02.passport.local_sec-ca02.crt$$    Signature Algorithm: sha512WithRSAEncryption$         1d:2e:79:df:0f:98:5b:36:96:49:16:2e:36:e4:fe:44:d8:7a:$         e1:cd:bd:bd:72:45:95:26:e0:9f:ea:3a:65:56:7e:73:09:c7:$         dc:9e:b6:c7:90:ab:29:de:25:da:ea:74:bf:6f:cd:26:16:34:$         43:53:1e:4e:ac:a5:af:e0:0c:3d:c4:3d:5f:33:d4:53:1f:e1:$         e3:73:f4:64:22:cc:63:ff:d9:f4:f1:ae:98:59:24:70:24:38:$         e8:37:f5:28:3d:1e:8e:69:9c:ac:02:a1:0e:37:52:c6:58:39:$         d1:ad:ea:dc:4d:79:f6:91:29:1d:57:02:0b:fb:f2:06:86:b1:$         b6:90:12:da:e7:a1:26:d5:79:97:d1:bf:0f:d4:e2:79:88:87:$         e5:94:26:bb:3c:34:22:78:48:54:33:e7:94:25:ee:0b:2c:25:$         9a:47:27:86:80:94:13:f0:81:d6:cf:ac:30:33:70:f9:6c:eb:$         72:8d:57:4b:fe:95:26:1e:0c:4c:ef:1a:94:27:50:23:43:3b:$         ca:11:bc:bf:ce:80:c1:01:b7:39:7d:ea:b1:80:bd:56:0d:f6:$         bb:dc:e6:d9:1c:0e:39:c7:7a:f1:ff:80:72:16:70:78:68:2d:$         2b:67:ca:84:7e:59:bc:aa:c1:f8:8d:22:e3:6f:14:e5:b8:59:$         3f:34:17:c5$
04/25/2025 17:33:10 [60742] realm is enabled: 
04/25/2025 17:33:11 [60742] no Content-Length
04/25/2025 17:33:11 [60742] try to get cookie for the first time: 98 :  SVPNNETWORKCOOKIE=; path=/remote/network; expires=Sun, 11 Mar 1984 12:00:00 GMT; secure; httponly
04/25/2025 17:33:12 [60742] no Content-Length
04/25/2025 17:33:12 [60742] cookie: SVPNCOOKIE=E8/dCRUvJs0p5BuZ5+5znkcPA577frGY//NcmFQWTD5dCfOAIeEbHht3AgPWDW7icqNbX8AVdxP1njZJPt0/NlzfEJXAPKm2Kp1PMuwh+bMyH96OVZxPvtS0ATikAVKxwzXaSHasmaVJxKnxaRJplwMkAgpSS15HVn2Loqky95PMb6hdHUIdWDS2EijjbHG0VSsYYbf0Ub97P25JTomhXn54AxG03QvbgKuDW3sgUmgrVeTW
04/25/2025 17:33:12 [60742] no Content-Length
04/25/2025 17:33:12 [60742] no Content-Length
04/25/2025 17:33:12 [60742] 0|vpn-dc.mos.ru|10443|1||E8/dCRUvJs0p5BuZ5+5znkcPA577frGY//NcmFQWTD5dCfOAIeEbHht3AgPWDW7icqNbX8AVdxP1njZJPt0/NlzfEJXAPKm2Kp1PMuwh+bMyH96OVZxPvtS0ATikAVKxwzXaSHasmaVJxKnxaRJplwMkAgpSS15HVn2Loqky95PMb6hdHUIdWDS2EijjbHG0VSsYYbf0Ub97P25JTomhXn54AxG03QvbgKuDW3sgUmgrVeTW|0
04/25/2025 17:33:12 [60739] ssl vpn tunnel started
04/25/2025 17:33:12 [60739] rcv cmd:0 at state[1]
04/25/2025 17:33:12 [60768] server=vpn-dc.mos.ru[vpn-dc.mos.ru] port=10443[10443] version=1 tunnel= cookie=E8/dCRUvJs0p5BuZ5+5znkcPA577frGY//NcmFQWTD5dCfOAIeEbHht3AgPWDW7icqNbX8AVdxP1njZJPt0/NlzfEJXAPKm2Kp1PMuwh+bMyH96OVZxPvtS0ATikAVKxwzXaSHasmaVJxKnxaRJplwMkAgpSS15HVn2Loqky95PMb6hdHUIdWDS2EijjbHG0VSsYYbf0Ub97P25JTomhXn54AxG03QvbgKuDW3sgUmgrVeTW exclusive routing: 0

04/25/2025 17:33:12 [60768] starting pppd
04/25/2025 17:33:12 [60768] use tty:/dev/pts/8
04/25/2025 17:33:12 [60768] connecting to vpn-dc.mos.ru:10443
04/25/2025 17:33:12 [60768] [xml config]: GET /remote/fortisslvpn_xml ... (received 852 bytes): 
HTTP/1.1 200 OK
Date: Fri, 25 Apr 2025 14:33:12 GMT
Server: xxxxxxxx-xxxxx
Transfer-Encoding: chunked
Content-Type: text/xml
X-Frame-Options: SAMEORIGIN
Content-Security-Policy: frame-ancestors 'self'; object-src 'none'; script-src 'self' https 'unsafe-eval' 'unsafe-inline';
X-XSS-Protection: 1; mode=block
X-Content-Type-Options: nosniff
Strict-Transport-Security: max-age=31536000

<?xml version='1.0' encoding='utf-8'?><sslvpn-tunnel ver='1' patch='1'><tunnel-method value='ppp' /><tunnel-method value='tun' /><fos platform='FG1K5D' major='6' minor='00' patch='17' build='0528' branch='0528' /><client-config save-password='on' keep-alive='on' auto-connect='on' /><ipv4><dns ip='10.206.185.123' /><dns ip='10.89.58.17' /><assigned-addr ipv4='172.18.16.113' /></ipv4><idle-timeout val='3600' /><auth-timeout val='50400' /></sslvpn-tunnel>
----

04/25/2025 17:33:16 [60768] Got local address from ppp, interface will be  up
04/25/2025 17:33:17 [60768] ppp interface is up
04/25/2025 17:33:17 [60768] run_scutil 185.173.3.37 0 0...
Generating pppd.resolv.conf...Done
04/25/2025 17:33:18 [60833] begin sysconfig linux
04/25/2025 17:33:18 [60833] delete route 1.1.1.1
04/25/2025 17:33:18 [60833] Add the route for 185.173.3.37(192.168.0.1)
04/25/2025 17:33:18 [60833] router add default gw 172.18.16.113
04/25/2025 23:37:32 [60742] signal rcved, logout now
04/25/2025 23:37:32 [60739] kill_child:60768
04/25/2025 23:37:32 [60768] killing pppd ...
04/25/2025 23:37:32 [60768] kill_child:60770
04/25/2025 23:37:32 [60739] kill_child:60742
04/25/2025 23:37:32 [60768] kill_child:60833
04/26/2025 12:53:20 [24277] set the loglevel to 1
04/26/2025 12:53:20 [24282] set the loglevel to 1
04/26/2025 12:53:20 [24282] sslvpn connection version:4.0.2327
04/26/2025 12:53:20 [24282] rcv cmd:0 at state[0]
04/26/2025 12:53:20 [24282] starting ssl vpn tunnel[4.0.2327]
04/26/2025 12:53:20 [24284] route backup START
04/26/2025 12:53:20 [24284] route backup DONE
04/26/2025 12:53:20 [24285] execl /home/user/Linux/forticlient/forticlientsslvpn/64bit/helper/get_fortisslvpn_info /home/user/Linux/forticlient/forticlientsslvpn/64bit/helper vpn-dc.mos.ru 10443   ...
04/26/2025 12:53:20 [24285] trusted CA dir: /home/user/.fctsslvpn_trustca
04/26/2025 12:53:20 [24285] set loglevel to 1
04/26/2025 12:53:20 [24285] Peer's certificate is not valid. action is 1
04/26/2025 12:53:20 [24285] peer's certificate: 
Certificate:$    Data:$        Version: 3 (0x2)$        Serial Number:$            74:00:00:4f:c4:41:c6:ed:46:86:6e:fa:bf:00:00:00:00:4f:c4$    Signature Algorithm: sha512WithRSAEncryption$        Issuer: DC=local, DC=passport, CN=sec-ca02$        Validity$            Not Before: Jun 13 09:02:05 2023 GMT$            Not After : Jun 12 09:02:05 2025 GMT$        Subject: CN=gate-k.mos.ru$        Subject Public Key Info:$            Public Key Algorithm: rsaEncryption$                Public-Key: (1024 bit)$                Modulus:$                    00:ce:c8:ea:27:fd:eb:41:11:2d:71:41:81:2f:41:$                    69:ec:e3:68:e3:83:c2:3e:0c:1c:23:ae:d3:d5:ed:$                    bf:e0:f3:e0:65:c6:69:6f:59:22:28:10:72:a8:cd:$                    0d:f1:42:eb:37:11:00:e4:e4:da:42:93:f8:96:82:$                    44:74:01:57:d4:3d:2e:22:95:00:8a:53:4d:19:20:$                    a6:15:50:91:b9:ad:29:0b:eb:16:f7:c8:f7:e3:aa:$                    99:86:b9:a6:76:9b:77:20:d5:3f:40:96:eb:d5:4b:$                    99:e3:5c:8c:64:12:aa:10:8a:05:c3:13:8e:b3:02:$                    84:e6:f5:4f:5f:cd:93:7b:a9$                Exponent: 65537 (0x10001)$        X509v3 extensions:$            1.3.6.1.4.1.311.21.7: $                0/.'+.....7.....X...~...5...^...$.e...J...,..d...$            X509v3 Extended Key Usage: $                TLS Web Server Authentication$            X509v3 Key Usage: critical$                Digital Signature, Key Encipherment$            1.3.6.1.4.1.311.21.10: $                0.0$..+.......$            X509v3 Subject Key Identifier: $                EC:89:30:E6:B3:97:02:E2:71:A5:2D:5E:E7:75:58:2E:6F:A5:BB:E0$            X509v3 Authority Key Identifier: $                keyid:5F:BF:CF:4B:CB:EF:E8:49:C0:58:FD:E5:F6:E3:41:48:73:80:5D:63$$            X509v3 CRL Distribution Points: $$                Full Name:$                  URI:http://sec-ca02.passport.local/CertEnroll/sec-ca02.crl$$            Authority Information Access: $                CA Issuers - URI:http://sec-ca02.passport.local/CertEnroll/sec-ca02.passport.local_sec-ca02.crt$$    Signature Algorithm: sha512WithRSAEncryption$         1d:2e:79:df:0f:98:5b:36:96:49:16:2e:36:e4:fe:44:d8:7a:$         e1:cd:bd:bd:72:45:95:26:e0:9f:ea:3a:65:56:7e:73:09:c7:$         dc:9e:b6:c7:90:ab:29:de:25:da:ea:74:bf:6f:cd:26:16:34:$         43:53:1e:4e:ac:a5:af:e0:0c:3d:c4:3d:5f:33:d4:53:1f:e1:$         e3:73:f4:64:22:cc:63:ff:d9:f4:f1:ae:98:59:24:70:24:38:$         e8:37:f5:28:3d:1e:8e:69:9c:ac:02:a1:0e:37:52:c6:58:39:$         d1:ad:ea:dc:4d:79:f6:91:29:1d:57:02:0b:fb:f2:06:86:b1:$         b6:90:12:da:e7:a1:26:d5:79:97:d1:bf:0f:d4:e2:79:88:87:$         e5:94:26:bb:3c:34:22:78:48:54:33:e7:94:25:ee:0b:2c:25:$         9a:47:27:86:80:94:13:f0:81:d6:cf:ac:30:33:70:f9:6c:eb:$         72:8d:57:4b:fe:95:26:1e:0c:4c:ef:1a:94:27:50:23:43:3b:$         ca:11:bc:bf:ce:80:c1:01:b7:39:7d:ea:b1:80:bd:56:0d:f6:$         bb:dc:e6:d9:1c:0e:39:c7:7a:f1:ff:80:72:16:70:78:68:2d:$         2b:67:ca:84:7e:59:bc:aa:c1:f8:8d:22:e3:6f:14:e5:b8:59:$         3f:34:17:c5$
04/26/2025 12:53:20 [24285] realm is enabled: 
04/26/2025 12:53:22 [24285] no Content-Length
04/26/2025 12:53:22 [24285] try to get cookie for the first time: 98 :  SVPNNETWORKCOOKIE=; path=/remote/network; expires=Sun, 11 Mar 1984 12:00:00 GMT; secure; httponly
04/26/2025 12:53:22 [24285] no Content-Length
04/26/2025 12:53:22 [24285] cookie: SVPNCOOKIE=JiejbZ1zm+NpRL/qSC0hScxKPtXxEIvo+nC6suqlyi5JW1DKqA/4G/O+Htu4n7n/4TdtMnjZg5doMHqR+KaBHhxHk+nEusBAYtOpX4NQ9LSZ31FzmOYam1gLdUT7k7Eco+oTm8YPMvnLrvHXoc24q9OPF1rldVz1Gzd1hRurn7EpHgmElOeCdnOhNlsVBXcVAXikTBHJ2XecPomyT2gvZoV2g2HO+vGp2R7BNwXUcq2ShbsIww==
04/26/2025 12:53:22 [24285] no Content-Length
04/26/2025 12:53:22 [24285] no Content-Length
04/26/2025 12:53:22 [24285] 0|vpn-dc.mos.ru|10443|1||JiejbZ1zm+NpRL/qSC0hScxKPtXxEIvo+nC6suqlyi5JW1DKqA/4G/O+Htu4n7n/4TdtMnjZg5doMHqR+KaBHhxHk+nEusBAYtOpX4NQ9LSZ31FzmOYam1gLdUT7k7Eco+oTm8YPMvnLrvHXoc24q9OPF1rldVz1Gzd1hRurn7EpHgmElOeCdnOhNlsVBXcVAXikTBHJ2XecPomyT2gvZoV2g2HO+vGp2R7BNwXUcq2ShbsIww==|0
04/26/2025 12:53:22 [24282] ssl vpn tunnel started
04/26/2025 12:53:22 [24282] rcv cmd:0 at state[1]
04/26/2025 12:53:22 [24304] server=vpn-dc.mos.ru[vpn-dc.mos.ru] port=10443[10443] version=1 tunnel= cookie=JiejbZ1zm+NpRL/qSC0hScxKPtXxEIvo+nC6suqlyi5JW1DKqA/4G/O+Htu4n7n/4TdtMnjZg5doMHqR+KaBHhxHk+nEusBAYtOpX4NQ9LSZ31FzmOYam1gLdUT7k7Eco+oTm8YPMvnLrvHXoc24q9OPF1rldVz1Gzd1hRurn7EpHgmElOeCdnOhNlsVBXcVAXikTBHJ2XecPomyT2gvZoV2g2HO+vGp2R7BNwXUcq2ShbsIww== exclusive routing: 0

04/26/2025 12:53:22 [24304] starting pppd
04/26/2025 12:53:22 [24304] use tty:/dev/pts/6
04/26/2025 12:53:22 [24304] connecting to vpn-dc.mos.ru:10443
04/26/2025 12:53:22 [24304] [xml config]: GET /remote/fortisslvpn_xml ... (received 852 bytes): 
HTTP/1.1 200 OK
Date: Sat, 26 Apr 2025 09:53:22 GMT
Server: xxxxxxxx-xxxxx
Transfer-Encoding: chunked
Content-Type: text/xml
X-Frame-Options: SAMEORIGIN
Content-Security-Policy: frame-ancestors 'self'; object-src 'none'; script-src 'self' https 'unsafe-eval' 'unsafe-inline';
X-XSS-Protection: 1; mode=block
X-Content-Type-Options: nosniff
Strict-Transport-Security: max-age=31536000

<?xml version='1.0' encoding='utf-8'?><sslvpn-tunnel ver='1' patch='1'><tunnel-method value='ppp' /><tunnel-method value='tun' /><fos platform='FG1K5D' major='6' minor='00' patch='17' build='0528' branch='0528' /><client-config save-password='on' keep-alive='on' auto-connect='on' /><ipv4><dns ip='10.206.185.123' /><dns ip='10.89.58.17' /><assigned-addr ipv4='172.18.16.163' /></ipv4><idle-timeout val='3600' /><auth-timeout val='50400' /></sslvpn-tunnel>
----

04/26/2025 12:53:26 [24304] Got local address from ppp, interface will be  up
04/26/2025 12:53:27 [24304] ppp interface is up
04/26/2025 12:53:27 [24304] run_scutil 185.173.3.37 0 0...
Generating pppd.resolv.conf...Done
04/26/2025 12:53:28 [24365] begin sysconfig linux
04/26/2025 12:53:28 [24365] delete route 1.1.1.1
04/26/2025 12:53:28 [24365] Add the route for 185.173.3.37(192.168.0.1)
04/26/2025 12:53:28 [24365] router add default gw 172.18.16.163
